[35m[Appium][39m Welcome to Appium v2.5.0
[35m[Appium][39m Non-default server args:
[35m[Appium][39m { basePath: [32m'/wd/hub'[39m, loglevel: [32m'info'[39m, port: [33m53666[39m }
[35m[Appium][39m Attempting to load driver uiautomator2...
[35m[Appium][39m Appium REST http interface listener started on http://0.0.0.0:53666/wd/hub
[35m[Appium][39m You can provide the following URLs in your client code to connect to this server:
[35m[Appium][39m 	http://192.168.0.101:53666/wd/hub
[35m[Appium][39m 	http://127.0.0.1:53666/wd/hub (only accessible from the same host)
[35m[Appium][39m Available drivers:
[35m[Appium][39m   - uiautomator2@3.0.0 (automationName 'UiAutomator2')
[35m[Appium][39m No plugins have been installed. Use the "appium plugin" command to install the one(s) you want to use.
[38;5;0m[HTTP][0m [37m-->[39m [37mGET[39m [37m/wd/hub/status[39m
[38;5;0m[HTTP][0m [90m{}[39m
[38;5;0m[HTTP][0m [37m<-- GET /wd/hub/status [39m[32m200[39m [90m16 ms - 110[39m
[38;5;0m[HTTP][0m [90m[39m
[38;5;0m[HTTP][0m [37m-->[39m [37mPOST[39m [37m/wd/hub/session[39m
[38;5;0m[HTTP][0m [90m{"desiredCapabilities":{"appium:systemPort":53665,"appium:newCommandTimeout":1800,"appium:automationName":"uiautomator2","appium:fullReset":true,"appium:platformVersion":"11","appium:noReset":false,"appium:udid":"wseib6c6f6wg8tnv","appium:autoGrantPermissions":true,"appium:platformName":"ANDROID","appium:deviceName":"Xiaomi Redmi Note 8 Pro (Android 11)","platformName":"Android","appium:app":"C:\\Users\\BRI\\Downloads\\Advantage+demo+3.2.apk"},"capabilities":{"firstMatch":[{"appium:app":"C:\\Users\\BRI\\Downloads\\Advantage+demo+3.2.apk","appium:autoGrantPermissions":true,"appium:automationName":"uiautomator2","appium:deviceName":"Xiaomi Redmi Note 8 Pro (Android 11)","appium:fullReset":true,"appium:newCommandTimeout":1800,"appium:noReset":false,"appium:platformName":"ANDROID","appium:platformVersion":"11","appium:systemPort":53665,"appium:udid":"wseib6c6f6wg8tnv","platformName":"android"}]}}[39m
[38;5;32m[BaseDriver][0m Ignoring capability 'appium:platformName=ANDROID' and using capability 'platformName=android'
[38;5;32m[BaseDriver][0m The capabilities ["platformName"] are standard capabilities and do not require "appium:" prefix
[35m[Appium][39m Attempting to find matching driver for automationName 'uiautomator2' and platformName 'android'
[35m[Appium][39m The 'uiautomator2' driver was installed and matched caps.
[35m[Appium][39m Will require it at C:\Users\BRI\.appium\node_modules\appium-uiautomator2-driver
[38;5;16m[AppiumDriver@c62e][0m Appium v2.5.0 creating new AndroidUiautomator2Driver (v3.0.0) session
[38;5;16m[AppiumDriver@c62e][0m Checking BaseDriver versions for Appium and AndroidUiautomator2Driver
[38;5;16m[AppiumDriver@c62e][0m Appium's BaseDriver version is 9.5.1
[38;5;16m[AppiumDriver@c62e][0m AndroidUiautomator2Driver's BaseDriver version is 9.5.1
[38;5;48m[AndroidUiautomator2Driver@e48d (a29df6b9)][0m Session created with session id: a29df6b9-6680-4c7c-85a2-7b37219eb3fa
[38;5;64m[ADB][0m Found 1 'build-tools' folders under 'C:\Users\BRI\.katalon\tools\android_sdk' (newest first):
[38;5;64m[ADB][0m     C:\Users\BRI\.katalon\tools\android_sdk\build-tools\29.0.3
[38;5;64m[ADB][0m Using 'adb.exe' from 'C:\Users\BRI\.katalon\tools\android_sdk\platform-tools\adb.exe'
[38;5;48m[AndroidUiautomator2Driver@e48d (a29df6b9)][0m Retrieving device list
[38;5;48m[AndroidUiautomator2Driver@e48d (a29df6b9)][0m Using device: wseib6c6f6wg8tnv
[38;5;64m[ADB][0m Using 'adb.exe' from 'C:\Users\BRI\.katalon\tools\android_sdk\platform-tools\adb.exe'
[38;5;32m[BaseDriver][0m Using local app 'C:\Users\BRI\Downloads\Advantage+demo+3.2.apk'
[38;5;64m[ADB][0m Getting device platform version
[38;5;48m[AndroidUiautomator2Driver@e48d (a29df6b9)][0m Relaxing hidden api policy
[38;5;64m[ADB][0m Package name: 'com.Advantage.aShopping'
[38;5;64m[ADB][0m Main activity name: 'com.Advantage.aShopping.SplashActivity'
[38;5;64m[ADB][0m Using 'apksigner.jar' from 'C:\Users\BRI\.katalon\tools\android_sdk\build-tools\29.0.3\lib\apksigner.jar'
[38;5;64m[ADB][0m 'C:\Users\BRI\.appium\node_modules\appium-uiautomator2-driver\node_modules\appium-uiautomator2-server\apks\appium-uiautomator2-server-debug-androidTest.apk' is signed with the default certificate
[38;5;64m[ADB][0m 'C:\Users\BRI\Downloads\Advantage+demo+3.2.apk' is signed with a non-default certificate
[38;5;64m[ADB][0m com.Advantage.aShopping was not uninstalled, because it was not present on the device
[38;5;64m[ADB][0m The application at 'C:\Users\BRI\Downloads\Advantage+demo+3.2.apk' will not be cached, because the device under test has confirmed the support of streamed installs
[38;5;64m[ADB][0m 'C:\Users\BRI\.appium\node_modules\appium-uiautomator2-driver\node_modules\appium-uiautomator2-server\apks\appium-uiautomator2-server-v7.0.0.apk' is signed with the default certificate
[38;5;48m[AndroidUiautomator2Driver@e48d (a29df6b9)][0m Server packages are not going to be (re)installed
[38;5;64m[ADB][0m Adding packages ["io.appium.settings","io.appium.uiautomator2.server","io.appium.uiautomator2.server.test"] to Doze whitelist
[38;5;64m[ADB][0m The installation of 'Advantage+demo+3.2.apk' took 4947ms
[38;5;48m[AndroidUiautomator2Driver@e48d (a29df6b9)][0m Starting UIAutomator2 server 7.0.0
[38;5;48m[AndroidUiautomator2Driver@e48d (a29df6b9)][0m Using UIAutomator2 server from 'C:\Users\BRI\.appium\node_modules\appium-uiautomator2-driver\node_modules\appium-uiautomator2-server\apks\appium-uiautomator2-server-v7.0.0.apk' and test from 'C:\Users\BRI\.appium\node_modules\appium-uiautomator2-driver\node_modules\appium-uiautomator2-server\apks\appium-uiautomator2-server-debug-androidTest.apk'
[38;5;48m[AndroidUiautomator2Driver@e48d (a29df6b9)][0m Waiting up to 30000ms for UiAutomator2 to be online...
[38;5;48m[AndroidUiautomator2Driver@e48d (a29df6b9)][0m socket hang up
[38;5;48m[AndroidUiautomator2Driver@e48d (a29df6b9)][0m socket hang up
[38;5;48m[AndroidUiautomator2Driver@e48d (a29df6b9)][0m socket hang up
[38;5;48m[AndroidUiautomator2Driver@e48d (a29df6b9)][0m socket hang up
[38;5;48m[AndroidUiautomator2Driver@e48d (a29df6b9)][0m Determined the downstream protocol as 'W3C'
[38;5;48m[AndroidUiautomator2Driver@e48d (a29df6b9)][0m Screen already unlocked, doing nothing
[38;5;48m[AndroidUiautomator2Driver@e48d (a29df6b9)][0m Starting 'com.Advantage.aShopping/com.Advantage.aShopping.SplashActivity and waiting for 'com.Advantage.aShopping/com.Advantage.aShopping.SplashActivity'
[38;5;16m[AppiumDriver@c62e][0m New AndroidUiautomator2Driver session created successfully, session a29df6b9-6680-4c7c-85a2-7b37219eb3fa added to master session list
[38;5;0m[HTTP][0m [37m<-- POST /wd/hub/session [39m[32m200[39m [90m20771 ms - 1219[39m
[38;5;0m[HTTP][0m [90m[39m
[38;5;0m[HTTP][0m [37m-->[39m [37mGET[39m [37m/wd/hub/session/a29df6b9-6680-4c7c-85a2-7b37219eb3fa[39m
[38;5;0m[HTTP][0m [90m{}[39m
[38;5;0m[HTTP][0m [37m<-- GET /wd/hub/session/a29df6b9-6680-4c7c-85a2-7b37219eb3fa [39m[32m200[39m [90m30 ms - 354[39m
[38;5;0m[HTTP][0m [90m[39m
[38;5;0m[HTTP][0m [37m-->[39m [37mGET[39m [37m/wd/hub/session/a29df6b9-6680-4c7c-85a2-7b37219eb3fa[39m
[38;5;0m[HTTP][0m [90m{}[39m
[38;5;0m[HTTP][0m [37m<-- GET /wd/hub/session/a29df6b9-6680-4c7c-85a2-7b37219eb3fa [39m[32m200[39m [90m28 ms - 354[39m
[38;5;0m[HTTP][0m [90m[39m
[38;5;0m[HTTP][0m [37m-->[39m [37mGET[39m [37m/wd/hub/status[39m
[38;5;0m[HTTP][0m [90m{}[39m
[38;5;0m[HTTP][0m [37m<-- GET /wd/hub/status [39m[32m200[39m [90m3 ms - 110[39m
[38;5;0m[HTTP][0m [90m[39m
[38;5;0m[HTTP][0m [37m-->[39m [37mPOST[39m [37m/wd/hub/session/a29df6b9-6680-4c7c-85a2-7b37219eb3fa/timeouts[39m
[38;5;0m[HTTP][0m [90m{"implicit":30000}[39m
[38;5;0m[HTTP][0m [37m<-- POST /wd/hub/session/a29df6b9-6680-4c7c-85a2-7b37219eb3fa/timeouts [39m[32m200[39m [90m8 ms - 14[39m
[38;5;0m[HTTP][0m [90m[39m
[38;5;0m[HTTP][0m [37m-->[39m [37mGET[39m [37m/wd/hub/session/a29df6b9-6680-4c7c-85a2-7b37219eb3fa/appium/device/system_bars[39m
[38;5;0m[HTTP][0m [90m{}[39m
[38;5;0m[HTTP][0m [37m<-- GET /wd/hub/session/a29df6b9-6680-4c7c-85a2-7b37219eb3fa/appium/device/system_bars [39m[31m500[39m [90m454 ms - 680[39m
[38;5;0m[HTTP][0m [90m[39m
[38;5;0m[HTTP][0m [37m-->[39m [37mPOST[39m [37m/wd/hub/session/a29df6b9-6680-4c7c-85a2-7b37219eb3fa/execute/sync[39m
[38;5;0m[HTTP][0m [90m{"script":"mobile:viewportRect","args":[]}[39m
[38;5;48m[AndroidUiautomator2Driver@e48d (a29df6b9)][0m Executing method 'mobile: viewportRect'
[38;5;0m[HTTP][0m [37m<-- POST /wd/hub/session/a29df6b9-6680-4c7c-85a2-7b37219eb3fa/execute/sync [39m[32m200[39m [90m46 ms - 56[39m
[38;5;0m[HTTP][0m [90m[39m
[38;5;0m[HTTP][0m [37m-->[39m [37mPOST[39m [37m/wd/hub/session/a29df6b9-6680-4c7c-85a2-7b37219eb3fa/timeouts[39m
[38;5;0m[HTTP][0m [90m{"implicit":50}[39m
[38;5;0m[HTTP][0m [37m<-- POST /wd/hub/session/a29df6b9-6680-4c7c-85a2-7b37219eb3fa/timeouts [39m[32m200[39m [90m6 ms - 14[39m
[38;5;0m[HTTP][0m [90m[39m
[38;5;0m[HTTP][0m [37m-->[39m [37mGET[39m [37m/wd/hub/session/a29df6b9-6680-4c7c-85a2-7b37219eb3fa/window/rect[39m
[38;5;0m[HTTP][0m [90m{}[39m
[38;5;0m[HTTP][0m [37m<-- GET /wd/hub/session/a29df6b9-6680-4c7c-85a2-7b37219eb3fa/window/rect [39m[32m200[39m [90m27 ms - 50[39m
[38;5;0m[HTTP][0m [90m[39m
[38;5;0m[HTTP][0m [37m-->[39m [37mPOST[39m [37m/wd/hub/session/a29df6b9-6680-4c7c-85a2-7b37219eb3fa/elements[39m
[38;5;0m[HTTP][0m [90m{"using":"xpath","value":"//*[@class = 'android.widget.ImageView' and @resource-id = 'com.Advantage.aShopping:id/imageViewMenu' and (@text = '' or . = '')]"}[39m
[38;5;0m[HTTP][0m [37m<-- POST /wd/hub/session/a29df6b9-6680-4c7c-85a2-7b37219eb3fa/elements [39m[32m200[39m [90m1088 ms - 12[39m
[38;5;0m[HTTP][0m [90m[39m
[38;5;0m[HTTP][0m [37m-->[39m [37mPOST[39m [37m/wd/hub/session/a29df6b9-6680-4c7c-85a2-7b37219eb3fa/elements[39m
[38;5;0m[HTTP][0m [90m{"using":"xpath","value":"//*[@class = 'android.widget.ImageView' and @resource-id = 'com.Advantage.aShopping:id/imageViewMenu' and (@text = '' or . = '')]"}[39m
[38;5;0m[HTTP][0m [37m<-- POST /wd/hub/session/a29df6b9-6680-4c7c-85a2-7b37219eb3fa/elements [39m[32m200[39m [90m588 ms - 139[39m
[38;5;0m[HTTP][0m [90m[39m
[38;5;0m[HTTP][0m [37m-->[39m [37mGET[39m [37m/wd/hub/session/a29df6b9-6680-4c7c-85a2-7b37219eb3fa/element/00000000-0000-032c-ffff-ffff00000019/location[39m
[38;5;0m[HTTP][0m [90m{}[39m
[38;5;48m[AndroidUiautomator2Driver@e48d (a29df6b9)][0m Driver proxy active, passing request on via HTTP proxy
[38;5;48m[AndroidUiautomator2Driver@e48d (a29df6b9)][0m Replacing sessionId 5f80228e-3298-45c8-8d20-44e2bbf030c2 with a29df6b9-6680-4c7c-85a2-7b37219eb3fa
[38;5;0m[HTTP][0m [37m<-- GET /wd/hub/session/a29df6b9-6680-4c7c-85a2-7b37219eb3fa/element/00000000-0000-032c-ffff-ffff00000019/location [39m[32m200[39m [90m404 ms - 75[39m
[38;5;0m[HTTP][0m [90m[39m
[38;5;0m[HTTP][0m [37m-->[39m [37mPOST[39m [37m/wd/hub/session/a29df6b9-6680-4c7c-85a2-7b37219eb3fa/timeouts[39m
[38;5;0m[HTTP][0m [90m{"implicit":30000}[39m
[38;5;0m[HTTP][0m [37m<-- POST /wd/hub/session/a29df6b9-6680-4c7c-85a2-7b37219eb3fa/timeouts [39m[32m200[39m [90m11 ms - 14[39m
[38;5;0m[HTTP][0m [90m[39m
[38;5;0m[HTTP][0m [37m-->[39m [37mPOST[39m [37m/wd/hub/session/a29df6b9-6680-4c7c-85a2-7b37219eb3fa/element/00000000-0000-032c-ffff-ffff00000019/click[39m
[38;5;0m[HTTP][0m [90m{"id":"00000000-0000-032c-ffff-ffff00000019"}[39m
[38;5;0m[HTTP][0m [37m<-- POST /wd/hub/session/a29df6b9-6680-4c7c-85a2-7b37219eb3fa/element/00000000-0000-032c-ffff-ffff00000019/click [39m[32m200[39m [90m84 ms - 14[39m
[38;5;0m[HTTP][0m [90m[39m
[38;5;0m[HTTP][0m [37m-->[39m [37mPOST[39m [37m/wd/hub/session/a29df6b9-6680-4c7c-85a2-7b37219eb3fa/timeouts[39m
[38;5;0m[HTTP][0m [90m{"implicit":50}[39m
[38;5;0m[HTTP][0m [37m<-- POST /wd/hub/session/a29df6b9-6680-4c7c-85a2-7b37219eb3fa/timeouts [39m[32m200[39m [90m7 ms - 14[39m
[38;5;0m[HTTP][0m [90m[39m
[38;5;0m[HTTP][0m [37m-->[39m [37mGET[39m [37m/wd/hub/session/a29df6b9-6680-4c7c-85a2-7b37219eb3fa/window/rect[39m
[38;5;0m[HTTP][0m [90m{}[39m
[38;5;0m[HTTP][0m [37m<-- GET /wd/hub/session/a29df6b9-6680-4c7c-85a2-7b37219eb3fa/window/rect [39m[32m200[39m [90m26 ms - 50[39m
[38;5;0m[HTTP][0m [90m[39m
[38;5;0m[HTTP][0m [37m-->[39m [37mPOST[39m [37m/wd/hub/session/a29df6b9-6680-4c7c-85a2-7b37219eb3fa/elements[39m
[38;5;0m[HTTP][0m [90m{"using":"xpath","value":"//hierarchy/android.widget.FrameLayout[1]/android.widget.LinearLayout[1]/android.widget.FrameLayout[1]/android.widget.LinearLayout[1]/android.widget.FrameLayout[1]/androidx.drawerlayout.widget.DrawerLayout[1]/android.widget.FrameLayout[1]/androidx.recyclerview.widget.RecyclerView[1]/android.widget.LinearLayout[1]/android.widget.LinearLayout[1]/android.widget.LinearLayout[1]/android.widget.LinearLayout[1]/android.widget.LinearLayout[1]"}[39m
[38;5;0m[HTTP][0m [37m<-- POST /wd/hub/session/a29df6b9-6680-4c7c-85a2-7b37219eb3fa/elements [39m[32m200[39m [90m858 ms - 139[39m
[38;5;0m[HTTP][0m [90m[39m
[38;5;0m[HTTP][0m [37m-->[39m [37mGET[39m [37m/wd/hub/session/a29df6b9-6680-4c7c-85a2-7b37219eb3fa/element/00000000-0000-032c-ffff-ffff00000041/location[39m
[38;5;0m[HTTP][0m [90m{}[39m
[38;5;48m[AndroidUiautomator2Driver@e48d (a29df6b9)][0m Driver proxy active, passing request on via HTTP proxy
[38;5;48m[AndroidUiautomator2Driver@e48d (a29df6b9)][0m Replacing sessionId 5f80228e-3298-45c8-8d20-44e2bbf030c2 with a29df6b9-6680-4c7c-85a2-7b37219eb3fa
[38;5;0m[HTTP][0m [37m<-- GET /wd/hub/session/a29df6b9-6680-4c7c-85a2-7b37219eb3fa/element/00000000-0000-032c-ffff-ffff00000041/location [39m[32m200[39m [90m43 ms - 78[39m
[38;5;0m[HTTP][0m [90m[39m
[38;5;0m[HTTP][0m [37m-->[39m [37mPOST[39m [37m/wd/hub/session/a29df6b9-6680-4c7c-85a2-7b37219eb3fa/timeouts[39m
[38;5;0m[HTTP][0m [90m{"implicit":30000}[39m
[38;5;0m[HTTP][0m [37m<-- POST /wd/hub/session/a29df6b9-6680-4c7c-85a2-7b37219eb3fa/timeouts [39m[32m200[39m [90m8 ms - 14[39m
[38;5;0m[HTTP][0m [90m[39m
[38;5;0m[HTTP][0m [37m-->[39m [37mPOST[39m [37m/wd/hub/session/a29df6b9-6680-4c7c-85a2-7b37219eb3fa/element/00000000-0000-032c-ffff-ffff00000041/click[39m
[38;5;0m[HTTP][0m [90m{"id":"00000000-0000-032c-ffff-ffff00000041"}[39m
[38;5;0m[HTTP][0m [37m<-- POST /wd/hub/session/a29df6b9-6680-4c7c-85a2-7b37219eb3fa/element/00000000-0000-032c-ffff-ffff00000041/click [39m[32m200[39m [90m78 ms - 14[39m
[38;5;0m[HTTP][0m [90m[39m
[38;5;0m[HTTP][0m [37m-->[39m [37mPOST[39m [37m/wd/hub/session/a29df6b9-6680-4c7c-85a2-7b37219eb3fa/timeouts[39m
[38;5;0m[HTTP][0m [90m{"implicit":50}[39m
[38;5;0m[HTTP][0m [37m<-- POST /wd/hub/session/a29df6b9-6680-4c7c-85a2-7b37219eb3fa/timeouts [39m[32m200[39m [90m2 ms - 14[39m
[38;5;0m[HTTP][0m [90m[39m
[38;5;0m[HTTP][0m [37m-->[39m [37mGET[39m [37m/wd/hub/session/a29df6b9-6680-4c7c-85a2-7b37219eb3fa/window/rect[39m
[38;5;0m[HTTP][0m [90m{}[39m
[38;5;0m[HTTP][0m [37m<-- GET /wd/hub/session/a29df6b9-6680-4c7c-85a2-7b37219eb3fa/window/rect [39m[32m200[39m [90m20 ms - 50[39m
[38;5;0m[HTTP][0m [90m[39m
[38;5;0m[HTTP][0m [37m-->[39m [37mPOST[39m [37m/wd/hub/session/a29df6b9-6680-4c7c-85a2-7b37219eb3fa/elements[39m
[38;5;0m[HTTP][0m [90m{"using":"xpath","value":"//hierarchy/android.widget.FrameLayout[1]/android.widget.LinearLayout[1]/android.widget.FrameLayout[1]/android.widget.LinearLayout[1]/android.widget.FrameLayout[1]/android.widget.RelativeLayout[1]/android.widget.LinearLayout[2]/android.widget.RelativeLayout[3]/android.widget.EditText[1]"}[39m
[38;5;0m[HTTP][0m [37m<-- POST /wd/hub/session/a29df6b9-6680-4c7c-85a2-7b37219eb3fa/elements [39m[32m200[39m [90m723 ms - 139[39m
[38;5;0m[HTTP][0m [90m[39m
[38;5;0m[HTTP][0m [37m-->[39m [37mGET[39m [37m/wd/hub/session/a29df6b9-6680-4c7c-85a2-7b37219eb3fa/element/00000000-0000-032d-ffff-ffff00000078/location[39m
[38;5;0m[HTTP][0m [90m{}[39m
[38;5;48m[AndroidUiautomator2Driver@e48d (a29df6b9)][0m Driver proxy active, passing request on via HTTP proxy
[38;5;48m[AndroidUiautomator2Driver@e48d (a29df6b9)][0m Replacing sessionId 5f80228e-3298-45c8-8d20-44e2bbf030c2 with a29df6b9-6680-4c7c-85a2-7b37219eb3fa
[38;5;0m[HTTP][0m [37m<-- GET /wd/hub/session/a29df6b9-6680-4c7c-85a2-7b37219eb3fa/element/00000000-0000-032d-ffff-ffff00000078/location [39m[32m200[39m [90m34 ms - 77[39m
[38;5;0m[HTTP][0m [90m[39m
[38;5;0m[HTTP][0m [37m-->[39m [37mPOST[39m [37m/wd/hub/session/a29df6b9-6680-4c7c-85a2-7b37219eb3fa/timeouts[39m
[38;5;0m[HTTP][0m [90m{"implicit":30000}[39m
[38;5;0m[HTTP][0m [37m<-- POST /wd/hub/session/a29df6b9-6680-4c7c-85a2-7b37219eb3fa/timeouts [39m[32m200[39m [90m4 ms - 14[39m
[38;5;0m[HTTP][0m [90m[39m
[38;5;0m[HTTP][0m [37m-->[39m [37mPOST[39m [37m/wd/hub/session/a29df6b9-6680-4c7c-85a2-7b37219eb3fa/element/00000000-0000-032d-ffff-ffff00000078/clear[39m
[38;5;0m[HTTP][0m [90m{"id":"00000000-0000-032d-ffff-ffff00000078"}[39m
[38;5;0m[HTTP][0m [37m<-- POST /wd/hub/session/a29df6b9-6680-4c7c-85a2-7b37219eb3fa/element/00000000-0000-032d-ffff-ffff00000078/clear [39m[32m200[39m [90m45 ms - 14[39m
[38;5;0m[HTTP][0m [90m[39m
[38;5;0m[HTTP][0m [37m-->[39m [37mPOST[39m [37m/wd/hub/session/a29df6b9-6680-4c7c-85a2-7b37219eb3fa/element/00000000-0000-032d-ffff-ffff00000078/click[39m
[38;5;0m[HTTP][0m [90m{"id":"00000000-0000-032d-ffff-ffff00000078"}[39m
[38;5;0m[HTTP][0m [37m<-- POST /wd/hub/session/a29df6b9-6680-4c7c-85a2-7b37219eb3fa/element/00000000-0000-032d-ffff-ffff00000078/click [39m[32m200[39m [90m628 ms - 14[39m
[38;5;0m[HTTP][0m [90m[39m
[38;5;0m[HTTP][0m [37m-->[39m [37mPOST[39m [37m/wd/hub/session/a29df6b9-6680-4c7c-85a2-7b37219eb3fa/element/00000000-0000-032d-ffff-ffff00000078/value[39m
[38;5;0m[HTTP][0m [90m{"id":"00000000-0000-032d-ffff-ffff00000078","text":"ruslan1","value":["r","u","s","l","a","n","1"]}[39m
[38;5;0m[HTTP][0m [37m<-- POST /wd/hub/session/a29df6b9-6680-4c7c-85a2-7b37219eb3fa/element/00000000-0000-032d-ffff-ffff00000078/value [39m[32m200[39m [90m1242 ms - 14[39m
[38;5;0m[HTTP][0m [90m[39m
[38;5;0m[HTTP][0m [37m-->[39m [37mPOST[39m [37m/wd/hub/session/a29df6b9-6680-4c7c-85a2-7b37219eb3fa/timeouts[39m
[38;5;0m[HTTP][0m [90m{"implicit":50}[39m
[38;5;0m[HTTP][0m [37m<-- POST /wd/hub/session/a29df6b9-6680-4c7c-85a2-7b37219eb3fa/timeouts [39m[32m200[39m [90m4 ms - 14[39m
[38;5;0m[HTTP][0m [90m[39m
[38;5;0m[HTTP][0m [37m-->[39m [37mGET[39m [37m/wd/hub/session/a29df6b9-6680-4c7c-85a2-7b37219eb3fa/window/rect[39m
[38;5;0m[HTTP][0m [90m{}[39m
[38;5;0m[HTTP][0m [37m<-- GET /wd/hub/session/a29df6b9-6680-4c7c-85a2-7b37219eb3fa/window/rect [39m[32m200[39m [90m22 ms - 50[39m
[38;5;0m[HTTP][0m [90m[39m
[38;5;0m[HTTP][0m [37m-->[39m [37mPOST[39m [37m/wd/hub/session/a29df6b9-6680-4c7c-85a2-7b37219eb3fa/elements[39m
[38;5;0m[HTTP][0m [90m{"using":"xpath","value":"//hierarchy/android.widget.FrameLayout[1]/android.widget.LinearLayout[1]/android.widget.FrameLayout[1]/android.widget.LinearLayout[1]/android.widget.FrameLayout[1]/android.widget.RelativeLayout[1]/android.widget.LinearLayout[2]/android.widget.RelativeLayout[4]/android.widget.EditText[1]"}[39m
[38;5;0m[HTTP][0m [37m<-- POST /wd/hub/session/a29df6b9-6680-4c7c-85a2-7b37219eb3fa/elements [39m[32m200[39m [90m359 ms - 139[39m
[38;5;0m[HTTP][0m [90m[39m
[38;5;0m[HTTP][0m [37m-->[39m [37mGET[39m [37m/wd/hub/session/a29df6b9-6680-4c7c-85a2-7b37219eb3fa/element/00000000-0000-032d-ffff-ffff0000007c/location[39m
[38;5;0m[HTTP][0m [90m{}[39m
[38;5;48m[AndroidUiautomator2Driver@e48d (a29df6b9)][0m Driver proxy active, passing request on via HTTP proxy
[38;5;48m[AndroidUiautomator2Driver@e48d (a29df6b9)][0m Replacing sessionId 5f80228e-3298-45c8-8d20-44e2bbf030c2 with a29df6b9-6680-4c7c-85a2-7b37219eb3fa
[38;5;0m[HTTP][0m [37m<-- GET /wd/hub/session/a29df6b9-6680-4c7c-85a2-7b37219eb3fa/element/00000000-0000-032d-ffff-ffff0000007c/location [39m[32m200[39m [90m34 ms - 77[39m
[38;5;0m[HTTP][0m [90m[39m
[38;5;0m[HTTP][0m [37m-->[39m [37mPOST[39m [37m/wd/hub/session/a29df6b9-6680-4c7c-85a2-7b37219eb3fa/timeouts[39m
[38;5;0m[HTTP][0m [90m{"implicit":30000}[39m
[38;5;0m[HTTP][0m [37m<-- POST /wd/hub/session/a29df6b9-6680-4c7c-85a2-7b37219eb3fa/timeouts [39m[32m200[39m [90m5 ms - 14[39m
[38;5;0m[HTTP][0m [90m[39m
[38;5;0m[HTTP][0m [37m-->[39m [37mPOST[39m [37m/wd/hub/session/a29df6b9-6680-4c7c-85a2-7b37219eb3fa/element/00000000-0000-032d-ffff-ffff0000007c/clear[39m
[38;5;0m[HTTP][0m [90m{"id":"00000000-0000-032d-ffff-ffff0000007c"}[39m
[38;5;0m[HTTP][0m [37m<-- POST /wd/hub/session/a29df6b9-6680-4c7c-85a2-7b37219eb3fa/element/00000000-0000-032d-ffff-ffff0000007c/clear [39m[32m200[39m [90m34 ms - 14[39m
[38;5;0m[HTTP][0m [90m[39m
[38;5;0m[HTTP][0m [37m-->[39m [37mPOST[39m [37m/wd/hub/session/a29df6b9-6680-4c7c-85a2-7b37219eb3fa/element/00000000-0000-032d-ffff-ffff0000007c/click[39m
[38;5;0m[HTTP][0m [90m{"id":"00000000-0000-032d-ffff-ffff0000007c"}[39m
[38;5;0m[HTTP][0m [37m<-- POST /wd/hub/session/a29df6b9-6680-4c7c-85a2-7b37219eb3fa/element/00000000-0000-032d-ffff-ffff0000007c/click [39m[32m200[39m [90m637 ms - 14[39m
[38;5;0m[HTTP][0m [90m[39m
[38;5;0m[HTTP][0m [37m-->[39m [37mPOST[39m [37m/wd/hub/session/a29df6b9-6680-4c7c-85a2-7b37219eb3fa/element/00000000-0000-032d-ffff-ffff0000007c/value[39m
[38;5;0m[HTTP][0m [90m{"id":"00000000-0000-032d-ffff-ffff0000007c","text":"P@ssw0rd","value":["P","@","s","s","w","0","r","d"]}[39m
[38;5;0m[HTTP][0m [37m<-- POST /wd/hub/session/a29df6b9-6680-4c7c-85a2-7b37219eb3fa/element/00000000-0000-032d-ffff-ffff0000007c/value [39m[32m200[39m [90m595 ms - 14[39m
[38;5;0m[HTTP][0m [90m[39m
[38;5;0m[HTTP][0m [37m-->[39m [37mPOST[39m [37m/wd/hub/session/a29df6b9-6680-4c7c-85a2-7b37219eb3fa/timeouts[39m
[38;5;0m[HTTP][0m [90m{"implicit":50}[39m
[38;5;0m[HTTP][0m [37m<-- POST /wd/hub/session/a29df6b9-6680-4c7c-85a2-7b37219eb3fa/timeouts [39m[32m200[39m [90m3 ms - 14[39m
[38;5;0m[HTTP][0m [90m[39m
[38;5;0m[HTTP][0m [37m-->[39m [37mGET[39m [37m/wd/hub/session/a29df6b9-6680-4c7c-85a2-7b37219eb3fa/window/rect[39m
[38;5;0m[HTTP][0m [90m{}[39m
[38;5;0m[HTTP][0m [37m<-- GET /wd/hub/session/a29df6b9-6680-4c7c-85a2-7b37219eb3fa/window/rect [39m[32m200[39m [90m21 ms - 50[39m
[38;5;0m[HTTP][0m [90m[39m
[38;5;0m[HTTP][0m [37m-->[39m [37mPOST[39m [37m/wd/hub/session/a29df6b9-6680-4c7c-85a2-7b37219eb3fa/elements[39m
[38;5;0m[HTTP][0m [90m{"using":"xpath","value":"//*[@class = 'android.widget.Button' and (@text = 'LOGIN' or . = 'LOGIN') and @resource-id = 'com.Advantage.aShopping:id/buttonLogin']"}[39m
[38;5;0m[HTTP][0m [37m<-- POST /wd/hub/session/a29df6b9-6680-4c7c-85a2-7b37219eb3fa/elements [39m[32m200[39m [90m382 ms - 139[39m
[38;5;0m[HTTP][0m [90m[39m
[38;5;0m[HTTP][0m [37m-->[39m [37mGET[39m [37m/wd/hub/session/a29df6b9-6680-4c7c-85a2-7b37219eb3fa/element/00000000-0000-032d-ffff-ffff00000082/location[39m
[38;5;0m[HTTP][0m [90m{}[39m
[38;5;48m[AndroidUiautomator2Driver@e48d (a29df6b9)][0m Driver proxy active, passing request on via HTTP proxy
[38;5;48m[AndroidUiautomator2Driver@e48d (a29df6b9)][0m Replacing sessionId 5f80228e-3298-45c8-8d20-44e2bbf030c2 with a29df6b9-6680-4c7c-85a2-7b37219eb3fa
[38;5;0m[HTTP][0m [37m<-- GET /wd/hub/session/a29df6b9-6680-4c7c-85a2-7b37219eb3fa/element/00000000-0000-032d-ffff-ffff00000082/location [39m[32m200[39m [90m22 ms - 77[39m
[38;5;0m[HTTP][0m [90m[39m
[38;5;0m[HTTP][0m [37m-->[39m [37mPOST[39m [37m/wd/hub/session/a29df6b9-6680-4c7c-85a2-7b37219eb3fa/timeouts[39m
[38;5;0m[HTTP][0m [90m{"implicit":30000}[39m
[38;5;0m[HTTP][0m [37m<-- POST /wd/hub/session/a29df6b9-6680-4c7c-85a2-7b37219eb3fa/timeouts [39m[32m200[39m [90m2 ms - 14[39m
[38;5;0m[HTTP][0m [90m[39m
[38;5;0m[HTTP][0m [37m-->[39m [37mPOST[39m [37m/wd/hub/session/a29df6b9-6680-4c7c-85a2-7b37219eb3fa/element/00000000-0000-032d-ffff-ffff00000082/click[39m
[38;5;0m[HTTP][0m [90m{"id":"00000000-0000-032d-ffff-ffff00000082"}[39m
[38;5;0m[HTTP][0m [37m<-- POST /wd/hub/session/a29df6b9-6680-4c7c-85a2-7b37219eb3fa/element/00000000-0000-032d-ffff-ffff00000082/click [39m[32m200[39m [90m59 ms - 14[39m
[38;5;0m[HTTP][0m [90m[39m
[38;5;0m[HTTP][0m [37m-->[39m [37mPOST[39m [37m/wd/hub/session/a29df6b9-6680-4c7c-85a2-7b37219eb3fa/timeouts[39m
[38;5;0m[HTTP][0m [90m{"implicit":50}[39m
[38;5;0m[HTTP][0m [37m<-- POST /wd/hub/session/a29df6b9-6680-4c7c-85a2-7b37219eb3fa/timeouts [39m[32m200[39m [90m4 ms - 14[39m
[38;5;0m[HTTP][0m [90m[39m
[38;5;0m[HTTP][0m [37m-->[39m [37mGET[39m [37m/wd/hub/session/a29df6b9-6680-4c7c-85a2-7b37219eb3fa/window/rect[39m
[38;5;0m[HTTP][0m [90m{}[39m
[38;5;0m[HTTP][0m [37m<-- GET /wd/hub/session/a29df6b9-6680-4c7c-85a2-7b37219eb3fa/window/rect [39m[32m200[39m [90m18 ms - 50[39m
[38;5;0m[HTTP][0m [90m[39m
[38;5;0m[HTTP][0m [37m-->[39m [37mPOST[39m [37m/wd/hub/session/a29df6b9-6680-4c7c-85a2-7b37219eb3fa/elements[39m
[38;5;0m[HTTP][0m [90m{"using":"xpath","value":"//*[@class = 'android.widget.ImageView' and @resource-id = 'com.Advantage.aShopping:id/imageViewCart' and (@text = '' or . = '')]"}[39m
[38;5;0m[HTTP][0m [37m<-- POST /wd/hub/session/a29df6b9-6680-4c7c-85a2-7b37219eb3fa/elements [39m[32m200[39m [90m683 ms - 12[39m
[38;5;0m[HTTP][0m [90m[39m
[38;5;0m[HTTP][0m [37m-->[39m [37mPOST[39m [37m/wd/hub/session/a29df6b9-6680-4c7c-85a2-7b37219eb3fa/elements[39m
[38;5;0m[HTTP][0m [90m{"using":"xpath","value":"//*[@class = 'android.widget.ImageView' and @resource-id = 'com.Advantage.aShopping:id/imageViewCart' and (@text = '' or . = '')]"}[39m
[38;5;0m[HTTP][0m [37m<-- POST /wd/hub/session/a29df6b9-6680-4c7c-85a2-7b37219eb3fa/elements [39m[32m200[39m [90m106 ms - 12[39m
[38;5;0m[HTTP][0m [90m[39m
[38;5;0m[HTTP][0m [37m-->[39m [37mPOST[39m [37m/wd/hub/session/a29df6b9-6680-4c7c-85a2-7b37219eb3fa/elements[39m
[38;5;0m[HTTP][0m [90m{"using":"xpath","value":"//*[@class = 'android.widget.ImageView' and @resource-id = 'com.Advantage.aShopping:id/imageViewCart' and (@text = '' or . = '')]"}[39m
[38;5;0m[HTTP][0m [37m<-- POST /wd/hub/session/a29df6b9-6680-4c7c-85a2-7b37219eb3fa/elements [39m[32m200[39m [90m110 ms - 12[39m
[38;5;0m[HTTP][0m [90m[39m
[38;5;0m[HTTP][0m [37m-->[39m [37mPOST[39m [37m/wd/hub/session/a29df6b9-6680-4c7c-85a2-7b37219eb3fa/elements[39m
[38;5;0m[HTTP][0m [90m{"using":"xpath","value":"//*[@class = 'android.widget.ImageView' and @resource-id = 'com.Advantage.aShopping:id/imageViewCart' and (@text = '' or . = '')]"}[39m
[38;5;0m[HTTP][0m [37m<-- POST /wd/hub/session/a29df6b9-6680-4c7c-85a2-7b37219eb3fa/elements [39m[32m200[39m [90m124 ms - 12[39m
[38;5;0m[HTTP][0m [90m[39m
[38;5;0m[HTTP][0m [37m-->[39m [37mPOST[39m [37m/wd/hub/session/a29df6b9-6680-4c7c-85a2-7b37219eb3fa/elements[39m
[38;5;0m[HTTP][0m [90m{"using":"xpath","value":"//*[@class = 'android.widget.ImageView' and @resource-id = 'com.Advantage.aShopping:id/imageViewCart' and (@text = '' or . = '')]"}[39m
[38;5;0m[HTTP][0m [37m<-- POST /wd/hub/session/a29df6b9-6680-4c7c-85a2-7b37219eb3fa/elements [39m[32m200[39m [90m105 ms - 12[39m
[38;5;0m[HTTP][0m [90m[39m
[38;5;0m[HTTP][0m [37m-->[39m [37mPOST[39m [37m/wd/hub/session/a29df6b9-6680-4c7c-85a2-7b37219eb3fa/elements[39m
[38;5;0m[HTTP][0m [90m{"using":"xpath","value":"//*[@class = 'android.widget.ImageView' and @resource-id = 'com.Advantage.aShopping:id/imageViewCart' and (@text = '' or . = '')]"}[39m
[38;5;0m[HTTP][0m [37m<-- POST /wd/hub/session/a29df6b9-6680-4c7c-85a2-7b37219eb3fa/elements [39m[32m200[39m [90m116 ms - 12[39m
[38;5;0m[HTTP][0m [90m[39m
[38;5;0m[HTTP][0m [37m-->[39m [37mPOST[39m [37m/wd/hub/session/a29df6b9-6680-4c7c-85a2-7b37219eb3fa/elements[39m
[38;5;0m[HTTP][0m [90m{"using":"xpath","value":"//*[@class = 'android.widget.ImageView' and @resource-id = 'com.Advantage.aShopping:id/imageViewCart' and (@text = '' or . = '')]"}[39m
[38;5;0m[HTTP][0m [37m<-- POST /wd/hub/session/a29df6b9-6680-4c7c-85a2-7b37219eb3fa/elements [39m[32m200[39m [90m811 ms - 12[39m
[38;5;0m[HTTP][0m [90m[39m
[38;5;0m[HTTP][0m [37m-->[39m [37mPOST[39m [37m/wd/hub/session/a29df6b9-6680-4c7c-85a2-7b37219eb3fa/elements[39m
[38;5;0m[HTTP][0m [90m{"using":"xpath","value":"//*[@class = 'android.widget.ImageView' and @resource-id = 'com.Advantage.aShopping:id/imageViewCart' and (@text = '' or . = '')]"}[39m
[38;5;0m[HTTP][0m [37m<-- POST /wd/hub/session/a29df6b9-6680-4c7c-85a2-7b37219eb3fa/elements [39m[32m200[39m [90m127 ms - 12[39m
[38;5;0m[HTTP][0m [90m[39m
[38;5;0m[HTTP][0m [37m-->[39m [37mPOST[39m [37m/wd/hub/session/a29df6b9-6680-4c7c-85a2-7b37219eb3fa/elements[39m
[38;5;0m[HTTP][0m [90m{"using":"xpath","value":"//*[@class = 'android.widget.ImageView' and @resource-id = 'com.Advantage.aShopping:id/imageViewCart' and (@text = '' or . = '')]"}[39m
[38;5;0m[HTTP][0m [37m<-- POST /wd/hub/session/a29df6b9-6680-4c7c-85a2-7b37219eb3fa/elements [39m[32m200[39m [90m97 ms - 12[39m
[38;5;0m[HTTP][0m [90m[39m
[38;5;0m[HTTP][0m [37m-->[39m [37mPOST[39m [37m/wd/hub/session/a29df6b9-6680-4c7c-85a2-7b37219eb3fa/elements[39m
[38;5;0m[HTTP][0m [90m{"using":"xpath","value":"//*[@class = 'android.widget.ImageView' and @resource-id = 'com.Advantage.aShopping:id/imageViewCart' and (@text = '' or . = '')]"}[39m
[38;5;0m[HTTP][0m [37m<-- POST /wd/hub/session/a29df6b9-6680-4c7c-85a2-7b37219eb3fa/elements [39m[32m200[39m [90m117 ms - 12[39m
[38;5;0m[HTTP][0m [90m[39m
[38;5;0m[HTTP][0m [37m-->[39m [37mPOST[39m [37m/wd/hub/session/a29df6b9-6680-4c7c-85a2-7b37219eb3fa/elements[39m
[38;5;0m[HTTP][0m [90m{"using":"xpath","value":"//*[@class = 'android.widget.ImageView' and @resource-id = 'com.Advantage.aShopping:id/imageViewCart' and (@text = '' or . = '')]"}[39m
[38;5;0m[HTTP][0m [37m<-- POST /wd/hub/session/a29df6b9-6680-4c7c-85a2-7b37219eb3fa/elements [39m[32m200[39m [90m114 ms - 12[39m
[38;5;0m[HTTP][0m [90m[39m
[38;5;0m[HTTP][0m [37m-->[39m [37mPOST[39m [37m/wd/hub/session/a29df6b9-6680-4c7c-85a2-7b37219eb3fa/elements[39m
[38;5;0m[HTTP][0m [90m{"using":"xpath","value":"//*[@class = 'android.widget.ImageView' and @resource-id = 'com.Advantage.aShopping:id/imageViewCart' and (@text = '' or . = '')]"}[39m
[38;5;0m[HTTP][0m [37m<-- POST /wd/hub/session/a29df6b9-6680-4c7c-85a2-7b37219eb3fa/elements [39m[32m200[39m [90m111 ms - 12[39m
[38;5;0m[HTTP][0m [90m[39m
[38;5;0m[HTTP][0m [37m-->[39m [37mPOST[39m [37m/wd/hub/session/a29df6b9-6680-4c7c-85a2-7b37219eb3fa/elements[39m
[38;5;0m[HTTP][0m [90m{"using":"xpath","value":"//*[@class = 'android.widget.ImageView' and @resource-id = 'com.Advantage.aShopping:id/imageViewCart' and (@text = '' or . = '')]"}[39m
[38;5;0m[HTTP][0m [37m<-- POST /wd/hub/session/a29df6b9-6680-4c7c-85a2-7b37219eb3fa/elements [39m[32m200[39m [90m102 ms - 12[39m
[38;5;0m[HTTP][0m [90m[39m
[38;5;0m[HTTP][0m [37m-->[39m [37mPOST[39m [37m/wd/hub/session/a29df6b9-6680-4c7c-85a2-7b37219eb3fa/elements[39m
[38;5;0m[HTTP][0m [90m{"using":"xpath","value":"//*[@class = 'android.widget.ImageView' and @resource-id = 'com.Advantage.aShopping:id/imageViewCart' and (@text = '' or . = '')]"}[39m
[38;5;0m[HTTP][0m [37m<-- POST /wd/hub/session/a29df6b9-6680-4c7c-85a2-7b37219eb3fa/elements [39m[32m200[39m [90m90 ms - 12[39m
[38;5;0m[HTTP][0m [90m[39m
[38;5;0m[HTTP][0m [37m-->[39m [37mPOST[39m [37m/wd/hub/session/a29df6b9-6680-4c7c-85a2-7b37219eb3fa/elements[39m
[38;5;0m[HTTP][0m [90m{"using":"xpath","value":"//*[@class = 'android.widget.ImageView' and @resource-id = 'com.Advantage.aShopping:id/imageViewCart' and (@text = '' or . = '')]"}[39m
[38;5;0m[HTTP][0m [37m<-- POST /wd/hub/session/a29df6b9-6680-4c7c-85a2-7b37219eb3fa/elements [39m[32m200[39m [90m82 ms - 12[39m
[38;5;0m[HTTP][0m [90m[39m
[38;5;0m[HTTP][0m [37m-->[39m [37mPOST[39m [37m/wd/hub/session/a29df6b9-6680-4c7c-85a2-7b37219eb3fa/elements[39m
[38;5;0m[HTTP][0m [90m{"using":"xpath","value":"//*[@class = 'android.widget.ImageView' and @resource-id = 'com.Advantage.aShopping:id/imageViewCart' and (@text = '' or . = '')]"}[39m
[38;5;0m[HTTP][0m [37m<-- POST /wd/hub/session/a29df6b9-6680-4c7c-85a2-7b37219eb3fa/elements [39m[32m200[39m [90m440 ms - 139[39m
[38;5;0m[HTTP][0m [90m[39m
[38;5;0m[HTTP][0m [37m-->[39m [37mGET[39m [37m/wd/hub/session/a29df6b9-6680-4c7c-85a2-7b37219eb3fa/element/00000000-0000-032c-ffff-ffff0000001b/location[39m
[38;5;0m[HTTP][0m [90m{}[39m
[38;5;48m[AndroidUiautomator2Driver@e48d (a29df6b9)][0m Driver proxy active, passing request on via HTTP proxy
[38;5;48m[AndroidUiautomator2Driver@e48d (a29df6b9)][0m Replacing sessionId 5f80228e-3298-45c8-8d20-44e2bbf030c2 with a29df6b9-6680-4c7c-85a2-7b37219eb3fa
[38;5;0m[HTTP][0m [37m<-- GET /wd/hub/session/a29df6b9-6680-4c7c-85a2-7b37219eb3fa/element/00000000-0000-032c-ffff-ffff0000001b/location [39m[32m200[39m [90m328 ms - 77[39m
[38;5;0m[HTTP][0m [90m[39m
[38;5;0m[HTTP][0m [37m-->[39m [37mPOST[39m [37m/wd/hub/session/a29df6b9-6680-4c7c-85a2-7b37219eb3fa/timeouts[39m
[38;5;0m[HTTP][0m [90m{"implicit":30000}[39m
[38;5;0m[HTTP][0m [37m<-- POST /wd/hub/session/a29df6b9-6680-4c7c-85a2-7b37219eb3fa/timeouts [39m[32m200[39m [90m4 ms - 14[39m
[38;5;0m[HTTP][0m [90m[39m
[38;5;0m[HTTP][0m [37m-->[39m [37mPOST[39m [37m/wd/hub/session/a29df6b9-6680-4c7c-85a2-7b37219eb3fa/element/00000000-0000-032c-ffff-ffff0000001b/click[39m
[38;5;0m[HTTP][0m [90m{"id":"00000000-0000-032c-ffff-ffff0000001b"}[39m
[38;5;0m[HTTP][0m [37m<-- POST /wd/hub/session/a29df6b9-6680-4c7c-85a2-7b37219eb3fa/element/00000000-0000-032c-ffff-ffff0000001b/click [39m[32m200[39m [90m1695 ms - 14[39m
[38;5;0m[HTTP][0m [90m[39m
[38;5;0m[HTTP][0m [37m-->[39m [37mPOST[39m [37m/wd/hub/session/a29df6b9-6680-4c7c-85a2-7b37219eb3fa/timeouts[39m
[38;5;0m[HTTP][0m [90m{"implicit":50}[39m
[38;5;0m[HTTP][0m [37m<-- POST /wd/hub/session/a29df6b9-6680-4c7c-85a2-7b37219eb3fa/timeouts [39m[32m200[39m [90m4 ms - 14[39m
[38;5;0m[HTTP][0m [90m[39m
[38;5;0m[HTTP][0m [37m-->[39m [37mGET[39m [37m/wd/hub/session/a29df6b9-6680-4c7c-85a2-7b37219eb3fa/window/rect[39m
[38;5;0m[HTTP][0m [90m{}[39m
[38;5;0m[HTTP][0m [37m<-- GET /wd/hub/session/a29df6b9-6680-4c7c-85a2-7b37219eb3fa/window/rect [39m[32m200[39m [90m34 ms - 50[39m
[38;5;0m[HTTP][0m [90m[39m
[38;5;0m[HTTP][0m [37m-->[39m [37mPOST[39m [37m/wd/hub/session/a29df6b9-6680-4c7c-85a2-7b37219eb3fa/elements[39m
[38;5;0m[HTTP][0m [90m{"using":"xpath","value":"//*[@class = 'android.widget.TextView' and (@text = '- no items in cart -' or . = '- no items in cart -') and @resource-id = 'com.Advantage.aShopping:id/textViewNoProductsToShow']"}[39m
[38;5;0m[HTTP][0m [37m<-- POST /wd/hub/session/a29df6b9-6680-4c7c-85a2-7b37219eb3fa/elements [39m[32m200[39m [90m122 ms - 139[39m
[38;5;0m[HTTP][0m [90m[39m
[38;5;0m[HTTP][0m [37m-->[39m [37mGET[39m [37m/wd/hub/session/a29df6b9-6680-4c7c-85a2-7b37219eb3fa/element/00000000-0000-0331-ffff-ffff000000d1/location[39m
[38;5;0m[HTTP][0m [90m{}[39m
[38;5;48m[AndroidUiautomator2Driver@e48d (a29df6b9)][0m Driver proxy active, passing request on via HTTP proxy
[38;5;48m[AndroidUiautomator2Driver@e48d (a29df6b9)][0m Replacing sessionId 5f80228e-3298-45c8-8d20-44e2bbf030c2 with a29df6b9-6680-4c7c-85a2-7b37219eb3fa
[38;5;0m[HTTP][0m [37m<-- GET /wd/hub/session/a29df6b9-6680-4c7c-85a2-7b37219eb3fa/element/00000000-0000-0331-ffff-ffff000000d1/location [39m[32m200[39m [90m32 ms - 78[39m
[38;5;0m[HTTP][0m [90m[39m
[38;5;0m[HTTP][0m [37m-->[39m [37mPOST[39m [37m/wd/hub/session/a29df6b9-6680-4c7c-85a2-7b37219eb3fa/timeouts[39m
[38;5;0m[HTTP][0m [90m{"implicit":30000}[39m
[38;5;0m[HTTP][0m [37m<-- POST /wd/hub/session/a29df6b9-6680-4c7c-85a2-7b37219eb3fa/timeouts [39m[32m200[39m [90m2 ms - 14[39m
[38;5;0m[HTTP][0m [90m[39m
[38;5;0m[HTTP][0m [37m-->[39m [37mGET[39m [37m/wd/hub/session/a29df6b9-6680-4c7c-85a2-7b37219eb3fa/context[39m
[38;5;0m[HTTP][0m [90m{}[39m
[38;5;0m[HTTP][0m [37m<-- GET /wd/hub/session/a29df6b9-6680-4c7c-85a2-7b37219eb3fa/context [39m[32m200[39m [90m2 ms - 22[39m
[38;5;0m[HTTP][0m [90m[39m
[38;5;0m[HTTP][0m [37m-->[39m [37mGET[39m [37m/wd/hub/session/a29df6b9-6680-4c7c-85a2-7b37219eb3fa/contexts[39m
[38;5;0m[HTTP][0m [90m{}[39m
[38;5;0m[HTTP][0m [37m<-- GET /wd/hub/session/a29df6b9-6680-4c7c-85a2-7b37219eb3fa/contexts [39m[32m200[39m [90m478 ms - 24[39m
[38;5;0m[HTTP][0m [90m[39m
[38;5;0m[HTTP][0m [37m-->[39m [37mPOST[39m [37m/wd/hub/session/a29df6b9-6680-4c7c-85a2-7b37219eb3fa/context[39m
[38;5;0m[HTTP][0m [90m{"name":"NATIVE_APP"}[39m
[38;5;0m[HTTP][0m [37m<-- POST /wd/hub/session/a29df6b9-6680-4c7c-85a2-7b37219eb3fa/context [39m[32m200[39m [90m7 ms - 14[39m
[38;5;0m[HTTP][0m [90m[39m
[38;5;0m[HTTP][0m [37m-->[39m [37mPOST[39m [37m/wd/hub/session/a29df6b9-6680-4c7c-85a2-7b37219eb3fa/appium/device/press_keycode[39m
[38;5;0m[HTTP][0m [90m{"keycode":4}[39m
[38;5;0m[HTTP][0m [37m<-- POST /wd/hub/session/a29df6b9-6680-4c7c-85a2-7b37219eb3fa/appium/device/press_keycode [39m[32m200[39m [90m659 ms - 14[39m
[38;5;0m[HTTP][0m [90m[39m
[38;5;0m[HTTP][0m [37m-->[39m [37mPOST[39m [37m/wd/hub/session/a29df6b9-6680-4c7c-85a2-7b37219eb3fa/context[39m
[38;5;0m[HTTP][0m [90m{"name":"NATIVE_APP"}[39m
[38;5;0m[HTTP][0m [37m<-- POST /wd/hub/session/a29df6b9-6680-4c7c-85a2-7b37219eb3fa/context [39m[32m200[39m [90m5 ms - 14[39m
[38;5;0m[HTTP][0m [90m[39m
[38;5;0m[HTTP][0m [37m-->[39m [37mPOST[39m [37m/wd/hub/session/a29df6b9-6680-4c7c-85a2-7b37219eb3fa/timeouts[39m
[38;5;0m[HTTP][0m [90m{"implicit":50}[39m
[38;5;0m[HTTP][0m [37m<-- POST /wd/hub/session/a29df6b9-6680-4c7c-85a2-7b37219eb3fa/timeouts [39m[32m200[39m [90m2 ms - 14[39m
[38;5;0m[HTTP][0m [90m[39m
[38;5;0m[HTTP][0m [37m-->[39m [37mGET[39m [37m/wd/hub/session/a29df6b9-6680-4c7c-85a2-7b37219eb3fa/window/rect[39m
[38;5;0m[HTTP][0m [90m{}[39m
[38;5;0m[HTTP][0m [37m<-- GET /wd/hub/session/a29df6b9-6680-4c7c-85a2-7b37219eb3fa/window/rect [39m[32m200[39m [90m26 ms - 50[39m
[38;5;0m[HTTP][0m [90m[39m
[38;5;0m[HTTP][0m [37m-->[39m [37mPOST[39m [37m/wd/hub/session/a29df6b9-6680-4c7c-85a2-7b37219eb3fa/elements[39m
[38;5;0m[HTTP][0m [90m{"using":"xpath","value":"//hierarchy/android.widget.FrameLayout[1]/android.widget.LinearLayout[1]/android.widget.FrameLayout[1]/android.widget.LinearLayout[1]/android.widget.FrameLayout[1]/androidx.drawerlayout.widget.DrawerLayout[1]/android.view.ViewGroup[1]/android.widget.LinearLayout[2]/android.widget.LinearLayout[1]/androidx.recyclerview.widget.RecyclerView[1]/android.widget.RelativeLayout[1]"}[39m
[38;5;0m[HTTP][0m [37m<-- POST /wd/hub/session/a29df6b9-6680-4c7c-85a2-7b37219eb3fa/elements [39m[32m200[39m [90m468 ms - 139[39m
[38;5;0m[HTTP][0m [90m[39m
[38;5;0m[HTTP][0m [37m-->[39m [37mGET[39m [37m/wd/hub/session/a29df6b9-6680-4c7c-85a2-7b37219eb3fa/element/00000000-0000-032c-ffff-ffff00000027/location[39m
[38;5;0m[HTTP][0m [90m{}[39m
[38;5;48m[AndroidUiautomator2Driver@e48d (a29df6b9)][0m Driver proxy active, passing request on via HTTP proxy
[38;5;48m[AndroidUiautomator2Driver@e48d (a29df6b9)][0m Replacing sessionId 5f80228e-3298-45c8-8d20-44e2bbf030c2 with a29df6b9-6680-4c7c-85a2-7b37219eb3fa
[38;5;0m[HTTP][0m [37m<-- GET /wd/hub/session/a29df6b9-6680-4c7c-85a2-7b37219eb3fa/element/00000000-0000-032c-ffff-ffff00000027/location [39m[32m200[39m [90m28 ms - 76[39m
[38;5;0m[HTTP][0m [90m[39m
[38;5;0m[HTTP][0m [37m-->[39m [37mPOST[39m [37m/wd/hub/session/a29df6b9-6680-4c7c-85a2-7b37219eb3fa/timeouts[39m
[38;5;0m[HTTP][0m [90m{"implicit":30000}[39m
[38;5;0m[HTTP][0m [37m<-- POST /wd/hub/session/a29df6b9-6680-4c7c-85a2-7b37219eb3fa/timeouts [39m[32m200[39m [90m3 ms - 14[39m
[38;5;0m[HTTP][0m [90m[39m
[38;5;0m[HTTP][0m [37m-->[39m [37mPOST[39m [37m/wd/hub/session/a29df6b9-6680-4c7c-85a2-7b37219eb3fa/element/00000000-0000-032c-ffff-ffff00000027/click[39m
[38;5;0m[HTTP][0m [90m{"id":"00000000-0000-032c-ffff-ffff00000027"}[39m
[38;5;0m[HTTP][0m [37m<-- POST /wd/hub/session/a29df6b9-6680-4c7c-85a2-7b37219eb3fa/element/00000000-0000-032c-ffff-ffff00000027/click [39m[32m200[39m [90m70 ms - 14[39m
[38;5;0m[HTTP][0m [90m[39m
[38;5;0m[HTTP][0m [37m-->[39m [37mPOST[39m [37m/wd/hub/session/a29df6b9-6680-4c7c-85a2-7b37219eb3fa/timeouts[39m
[38;5;0m[HTTP][0m [90m{"implicit":50}[39m
[38;5;0m[HTTP][0m [37m<-- POST /wd/hub/session/a29df6b9-6680-4c7c-85a2-7b37219eb3fa/timeouts [39m[32m200[39m [90m3 ms - 14[39m
[38;5;0m[HTTP][0m [90m[39m
[38;5;0m[HTTP][0m [37m-->[39m [37mGET[39m [37m/wd/hub/session/a29df6b9-6680-4c7c-85a2-7b37219eb3fa/window/rect[39m
[38;5;0m[HTTP][0m [90m{}[39m
[38;5;0m[HTTP][0m [37m<-- GET /wd/hub/session/a29df6b9-6680-4c7c-85a2-7b37219eb3fa/window/rect [39m[32m200[39m [90m22 ms - 50[39m
[38;5;0m[HTTP][0m [90m[39m
[38;5;0m[HTTP][0m [37m-->[39m [37mPOST[39m [37m/wd/hub/session/a29df6b9-6680-4c7c-85a2-7b37219eb3fa/elements[39m
[38;5;0m[HTTP][0m [90m{"using":"xpath","value":"//hierarchy/android.widget.FrameLayout[1]/android.widget.LinearLayout[1]/android.widget.FrameLayout[1]/android.widget.LinearLayout[1]/android.widget.FrameLayout[1]/androidx.drawerlayout.widget.DrawerLayout[1]/android.view.ViewGroup[1]/android.widget.LinearLayout[2]/android.widget.RelativeLayout[1]/android.widget.LinearLayout[1]/android.widget.GridView[1]/android.widget.RelativeLayout[1]"}[39m
[38;5;0m[HTTP][0m [37m<-- POST /wd/hub/session/a29df6b9-6680-4c7c-85a2-7b37219eb3fa/elements [39m[32m200[39m [90m547 ms - 12[39m
[38;5;0m[HTTP][0m [90m[39m
[38;5;0m[HTTP][0m [37m-->[39m [37mPOST[39m [37m/wd/hub/session/a29df6b9-6680-4c7c-85a2-7b37219eb3fa/elements[39m
[38;5;0m[HTTP][0m [90m{"using":"xpath","value":"//hierarchy/android.widget.FrameLayout[1]/android.widget.LinearLayout[1]/android.widget.FrameLayout[1]/android.widget.LinearLayout[1]/android.widget.FrameLayout[1]/androidx.drawerlayout.widget.DrawerLayout[1]/android.view.ViewGroup[1]/android.widget.LinearLayout[2]/android.widget.RelativeLayout[1]/android.widget.LinearLayout[1]/android.widget.GridView[1]/android.widget.RelativeLayout[1]"}[39m
[38;5;0m[HTTP][0m [37m<-- POST /wd/hub/session/a29df6b9-6680-4c7c-85a2-7b37219eb3fa/elements [39m[32m200[39m [90m89 ms - 12[39m
[38;5;0m[HTTP][0m [90m[39m
[38;5;0m[HTTP][0m [37m-->[39m [37mPOST[39m [37m/wd/hub/session/a29df6b9-6680-4c7c-85a2-7b37219eb3fa/elements[39m
[38;5;0m[HTTP][0m [90m{"using":"xpath","value":"//hierarchy/android.widget.FrameLayout[1]/android.widget.LinearLayout[1]/android.widget.FrameLayout[1]/android.widget.LinearLayout[1]/android.widget.FrameLayout[1]/androidx.drawerlayout.widget.DrawerLayout[1]/android.view.ViewGroup[1]/android.widget.LinearLayout[2]/android.widget.RelativeLayout[1]/android.widget.LinearLayout[1]/android.widget.GridView[1]/android.widget.RelativeLayout[1]"}[39m
[38;5;0m[HTTP][0m [37m<-- POST /wd/hub/session/a29df6b9-6680-4c7c-85a2-7b37219eb3fa/elements [39m[32m200[39m [90m947 ms - 139[39m
[38;5;0m[HTTP][0m [90m[39m
[38;5;0m[HTTP][0m [37m-->[39m [37mGET[39m [37m/wd/hub/session/a29df6b9-6680-4c7c-85a2-7b37219eb3fa/element/00000000-0000-032c-ffff-ffff0000010b/location[39m
[38;5;0m[HTTP][0m [90m{}[39m
[38;5;48m[AndroidUiautomator2Driver@e48d (a29df6b9)][0m Driver proxy active, passing request on via HTTP proxy
[38;5;48m[AndroidUiautomator2Driver@e48d (a29df6b9)][0m Replacing sessionId 5f80228e-3298-45c8-8d20-44e2bbf030c2 with a29df6b9-6680-4c7c-85a2-7b37219eb3fa
[38;5;0m[HTTP][0m [37m<-- GET /wd/hub/session/a29df6b9-6680-4c7c-85a2-7b37219eb3fa/element/00000000-0000-032c-ffff-ffff0000010b/location [39m[32m200[39m [90m65 ms - 76[39m
[38;5;0m[HTTP][0m [90m[39m
[38;5;0m[HTTP][0m [37m-->[39m [37mPOST[39m [37m/wd/hub/session/a29df6b9-6680-4c7c-85a2-7b37219eb3fa/timeouts[39m
[38;5;0m[HTTP][0m [90m{"implicit":30000}[39m
[38;5;0m[HTTP][0m [37m<-- POST /wd/hub/session/a29df6b9-6680-4c7c-85a2-7b37219eb3fa/timeouts [39m[32m200[39m [90m5 ms - 14[39m
[38;5;0m[HTTP][0m [90m[39m
[38;5;0m[HTTP][0m [37m-->[39m [37mPOST[39m [37m/wd/hub/session/a29df6b9-6680-4c7c-85a2-7b37219eb3fa/element/00000000-0000-032c-ffff-ffff0000010b/click[39m
[38;5;0m[HTTP][0m [90m{"id":"00000000-0000-032c-ffff-ffff0000010b"}[39m
[38;5;0m[HTTP][0m [37m<-- POST /wd/hub/session/a29df6b9-6680-4c7c-85a2-7b37219eb3fa/element/00000000-0000-032c-ffff-ffff0000010b/click [39m[32m200[39m [90m965 ms - 14[39m
[38;5;0m[HTTP][0m [90m[39m
[38;5;0m[HTTP][0m [37m-->[39m [37mPOST[39m [37m/wd/hub/session/a29df6b9-6680-4c7c-85a2-7b37219eb3fa/timeouts[39m
[38;5;0m[HTTP][0m [90m{"implicit":50}[39m
[38;5;0m[HTTP][0m [37m<-- POST /wd/hub/session/a29df6b9-6680-4c7c-85a2-7b37219eb3fa/timeouts [39m[32m200[39m [90m4 ms - 14[39m
[38;5;0m[HTTP][0m [90m[39m
[38;5;0m[HTTP][0m [37m-->[39m [37mGET[39m [37m/wd/hub/session/a29df6b9-6680-4c7c-85a2-7b37219eb3fa/window/rect[39m
[38;5;0m[HTTP][0m [90m{}[39m
[38;5;0m[HTTP][0m [37m<-- GET /wd/hub/session/a29df6b9-6680-4c7c-85a2-7b37219eb3fa/window/rect [39m[32m200[39m [90m19 ms - 50[39m
[38;5;0m[HTTP][0m [90m[39m
[38;5;0m[HTTP][0m [37m-->[39m [37mPOST[39m [37m/wd/hub/session/a29df6b9-6680-4c7c-85a2-7b37219eb3fa/elements[39m
[38;5;0m[HTTP][0m [90m{"using":"xpath","value":"//*[@class = 'android.widget.Button' and (@text = 'ADD TO CART' or . = 'ADD TO CART') and @resource-id = 'com.Advantage.aShopping:id/buttonProductAddToCart']"}[39m
[38;5;0m[HTTP][0m [37m<-- POST /wd/hub/session/a29df6b9-6680-4c7c-85a2-7b37219eb3fa/elements [39m[32m200[39m [90m170 ms - 139[39m
[38;5;0m[HTTP][0m [90m[39m
[38;5;0m[HTTP][0m [37m-->[39m [37mGET[39m [37m/wd/hub/session/a29df6b9-6680-4c7c-85a2-7b37219eb3fa/element/00000000-0000-0332-ffff-ffff00000172/location[39m
[38;5;0m[HTTP][0m [90m{}[39m
[38;5;48m[AndroidUiautomator2Driver@e48d (a29df6b9)][0m Driver proxy active, passing request on via HTTP proxy
[38;5;48m[AndroidUiautomator2Driver@e48d (a29df6b9)][0m Replacing sessionId 5f80228e-3298-45c8-8d20-44e2bbf030c2 with a29df6b9-6680-4c7c-85a2-7b37219eb3fa
[38;5;0m[HTTP][0m [37m<-- GET /wd/hub/session/a29df6b9-6680-4c7c-85a2-7b37219eb3fa/element/00000000-0000-0332-ffff-ffff00000172/location [39m[32m200[39m [90m24 ms - 77[39m
[38;5;0m[HTTP][0m [90m[39m
[38;5;0m[HTTP][0m [37m-->[39m [37mPOST[39m [37m/wd/hub/session/a29df6b9-6680-4c7c-85a2-7b37219eb3fa/timeouts[39m
[38;5;0m[HTTP][0m [90m{"implicit":30000}[39m
[38;5;0m[HTTP][0m [37m<-- POST /wd/hub/session/a29df6b9-6680-4c7c-85a2-7b37219eb3fa/timeouts [39m[32m200[39m [90m2 ms - 14[39m
[38;5;0m[HTTP][0m [90m[39m
[38;5;0m[HTTP][0m [37m-->[39m [37mPOST[39m [37m/wd/hub/session/a29df6b9-6680-4c7c-85a2-7b37219eb3fa/element/00000000-0000-0332-ffff-ffff00000172/click[39m
[38;5;0m[HTTP][0m [90m{"id":"00000000-0000-0332-ffff-ffff00000172"}[39m
[38;5;0m[HTTP][0m [37m<-- POST /wd/hub/session/a29df6b9-6680-4c7c-85a2-7b37219eb3fa/element/00000000-0000-0332-ffff-ffff00000172/click [39m[32m200[39m [90m84 ms - 14[39m
[38;5;0m[HTTP][0m [90m[39m
[38;5;0m[HTTP][0m [37m-->[39m [37mPOST[39m [37m/wd/hub/session/a29df6b9-6680-4c7c-85a2-7b37219eb3fa/timeouts[39m
[38;5;0m[HTTP][0m [90m{"implicit":50}[39m
[38;5;0m[HTTP][0m [37m<-- POST /wd/hub/session/a29df6b9-6680-4c7c-85a2-7b37219eb3fa/timeouts [39m[32m200[39m [90m4 ms - 14[39m
[38;5;0m[HTTP][0m [90m[39m
[38;5;0m[HTTP][0m [37m-->[39m [37mGET[39m [37m/wd/hub/session/a29df6b9-6680-4c7c-85a2-7b37219eb3fa/window/rect[39m
[38;5;0m[HTTP][0m [90m{}[39m
[38;5;0m[HTTP][0m [37m<-- GET /wd/hub/session/a29df6b9-6680-4c7c-85a2-7b37219eb3fa/window/rect [39m[32m200[39m [90m18 ms - 50[39m
[38;5;0m[HTTP][0m [90m[39m
[38;5;0m[HTTP][0m [37m-->[39m [37mPOST[39m [37m/wd/hub/session/a29df6b9-6680-4c7c-85a2-7b37219eb3fa/elements[39m
[38;5;0m[HTTP][0m [90m{"using":"xpath","value":"//*[@class = 'android.widget.ImageView' and @resource-id = 'com.Advantage.aShopping:id/imageViewCart' and (@text = '' or . = '')]"}[39m
[38;5;0m[HTTP][0m [37m<-- POST /wd/hub/session/a29df6b9-6680-4c7c-85a2-7b37219eb3fa/elements [39m[32m200[39m [90m420 ms - 12[39m
[38;5;0m[HTTP][0m [90m[39m
[38;5;0m[HTTP][0m [37m-->[39m [37mPOST[39m [37m/wd/hub/session/a29df6b9-6680-4c7c-85a2-7b37219eb3fa/elements[39m
[38;5;0m[HTTP][0m [90m{"using":"xpath","value":"//*[@class = 'android.widget.ImageView' and @resource-id = 'com.Advantage.aShopping:id/imageViewCart' and (@text = '' or . = '')]"}[39m
[38;5;0m[HTTP][0m [37m<-- POST /wd/hub/session/a29df6b9-6680-4c7c-85a2-7b37219eb3fa/elements [39m[32m200[39m [90m75 ms - 12[39m
[38;5;0m[HTTP][0m [90m[39m
[38;5;0m[HTTP][0m [37m-->[39m [37mPOST[39m [37m/wd/hub/session/a29df6b9-6680-4c7c-85a2-7b37219eb3fa/elements[39m
[38;5;0m[HTTP][0m [90m{"using":"xpath","value":"//*[@class = 'android.widget.ImageView' and @resource-id = 'com.Advantage.aShopping:id/imageViewCart' and (@text = '' or . = '')]"}[39m
[38;5;0m[HTTP][0m [37m<-- POST /wd/hub/session/a29df6b9-6680-4c7c-85a2-7b37219eb3fa/elements [39m[32m200[39m [90m953 ms - 139[39m
[38;5;0m[HTTP][0m [90m[39m
[38;5;0m[HTTP][0m [37m-->[39m [37mGET[39m [37m/wd/hub/session/a29df6b9-6680-4c7c-85a2-7b37219eb3fa/element/00000000-0000-0332-ffff-ffff0000014b/location[39m
[38;5;0m[HTTP][0m [90m{}[39m
[38;5;48m[AndroidUiautomator2Driver@e48d (a29df6b9)][0m Driver proxy active, passing request on via HTTP proxy
[38;5;48m[AndroidUiautomator2Driver@e48d (a29df6b9)][0m Replacing sessionId 5f80228e-3298-45c8-8d20-44e2bbf030c2 with a29df6b9-6680-4c7c-85a2-7b37219eb3fa
[38;5;0m[HTTP][0m [37m<-- GET /wd/hub/session/a29df6b9-6680-4c7c-85a2-7b37219eb3fa/element/00000000-0000-0332-ffff-ffff0000014b/location [39m[32m200[39m [90m50 ms - 77[39m
[38;5;0m[HTTP][0m [90m[39m
[38;5;0m[HTTP][0m [37m-->[39m [37mPOST[39m [37m/wd/hub/session/a29df6b9-6680-4c7c-85a2-7b37219eb3fa/timeouts[39m
[38;5;0m[HTTP][0m [90m{"implicit":30000}[39m
[38;5;0m[HTTP][0m [37m<-- POST /wd/hub/session/a29df6b9-6680-4c7c-85a2-7b37219eb3fa/timeouts [39m[32m200[39m [90m3 ms - 14[39m
[38;5;0m[HTTP][0m [90m[39m
[38;5;0m[HTTP][0m [37m-->[39m [37mPOST[39m [37m/wd/hub/session/a29df6b9-6680-4c7c-85a2-7b37219eb3fa/element/00000000-0000-0332-ffff-ffff0000014b/click[39m
[38;5;0m[HTTP][0m [90m{"id":"00000000-0000-0332-ffff-ffff0000014b"}[39m
[38;5;0m[HTTP][0m [37m<-- POST /wd/hub/session/a29df6b9-6680-4c7c-85a2-7b37219eb3fa/element/00000000-0000-0332-ffff-ffff0000014b/click [39m[32m200[39m [90m71 ms - 14[39m
[38;5;0m[HTTP][0m [90m[39m
[38;5;0m[HTTP][0m [37m-->[39m [37mPOST[39m [37m/wd/hub/session/a29df6b9-6680-4c7c-85a2-7b37219eb3fa/timeouts[39m
[38;5;0m[HTTP][0m [90m{"implicit":50}[39m
[38;5;0m[HTTP][0m [37m<-- POST /wd/hub/session/a29df6b9-6680-4c7c-85a2-7b37219eb3fa/timeouts [39m[32m200[39m [90m3 ms - 14[39m
[38;5;0m[HTTP][0m [90m[39m
[38;5;0m[HTTP][0m [37m-->[39m [37mGET[39m [37m/wd/hub/session/a29df6b9-6680-4c7c-85a2-7b37219eb3fa/window/rect[39m
[38;5;0m[HTTP][0m [90m{}[39m
[38;5;0m[HTTP][0m [37m<-- GET /wd/hub/session/a29df6b9-6680-4c7c-85a2-7b37219eb3fa/window/rect [39m[32m200[39m [90m22 ms - 50[39m
[38;5;0m[HTTP][0m [90m[39m
[38;5;0m[HTTP][0m [37m-->[39m [37mPOST[39m [37m/wd/hub/session/a29df6b9-6680-4c7c-85a2-7b37219eb3fa/elements[39m
[38;5;0m[HTTP][0m [90m{"using":"xpath","value":"//*[@class = 'android.widget.Button' and @resource-id = 'com.Advantage.aShopping:id/buttonCheckOut']"}[39m
[38;5;0m[HTTP][0m [37m<-- POST /wd/hub/session/a29df6b9-6680-4c7c-85a2-7b37219eb3fa/elements [39m[32m200[39m [90m790 ms - 139[39m
[38;5;0m[HTTP][0m [90m[39m
[38;5;0m[HTTP][0m [37m-->[39m [37mGET[39m [37m/wd/hub/session/a29df6b9-6680-4c7c-85a2-7b37219eb3fa/element/00000000-0000-0334-ffff-ffff000001bd/location[39m
[38;5;0m[HTTP][0m [90m{}[39m
[38;5;48m[AndroidUiautomator2Driver@e48d (a29df6b9)][0m Driver proxy active, passing request on via HTTP proxy
[38;5;48m[AndroidUiautomator2Driver@e48d (a29df6b9)][0m Replacing sessionId 5f80228e-3298-45c8-8d20-44e2bbf030c2 with a29df6b9-6680-4c7c-85a2-7b37219eb3fa
[38;5;0m[HTTP][0m [37m<-- GET /wd/hub/session/a29df6b9-6680-4c7c-85a2-7b37219eb3fa/element/00000000-0000-0334-ffff-ffff000001bd/location [39m[32m200[39m [90m29 ms - 77[39m
[38;5;0m[HTTP][0m [90m[39m
[38;5;0m[HTTP][0m [37m-->[39m [37mPOST[39m [37m/wd/hub/session/a29df6b9-6680-4c7c-85a2-7b37219eb3fa/timeouts[39m
[38;5;0m[HTTP][0m [90m{"implicit":30000}[39m
[38;5;0m[HTTP][0m [37m<-- POST /wd/hub/session/a29df6b9-6680-4c7c-85a2-7b37219eb3fa/timeouts [39m[32m200[39m [90m3 ms - 14[39m
[38;5;0m[HTTP][0m [90m[39m
[38;5;0m[HTTP][0m [37m-->[39m [37mPOST[39m [37m/wd/hub/session/a29df6b9-6680-4c7c-85a2-7b37219eb3fa/element/00000000-0000-0334-ffff-ffff000001bd/click[39m
[38;5;0m[HTTP][0m [90m{"id":"00000000-0000-0334-ffff-ffff000001bd"}[39m
[38;5;0m[HTTP][0m [37m<-- POST /wd/hub/session/a29df6b9-6680-4c7c-85a2-7b37219eb3fa/element/00000000-0000-0334-ffff-ffff000001bd/click [39m[32m200[39m [90m74 ms - 14[39m
[38;5;0m[HTTP][0m [90m[39m
[38;5;0m[HTTP][0m [37m-->[39m [37mPOST[39m [37m/wd/hub/session/a29df6b9-6680-4c7c-85a2-7b37219eb3fa/timeouts[39m
[38;5;0m[HTTP][0m [90m{"implicit":50}[39m
[38;5;0m[HTTP][0m [37m<-- POST /wd/hub/session/a29df6b9-6680-4c7c-85a2-7b37219eb3fa/timeouts [39m[32m200[39m [90m4 ms - 14[39m
[38;5;0m[HTTP][0m [90m[39m
[38;5;0m[HTTP][0m [37m-->[39m [37mGET[39m [37m/wd/hub/session/a29df6b9-6680-4c7c-85a2-7b37219eb3fa/window/rect[39m
[38;5;0m[HTTP][0m [90m{}[39m
[38;5;0m[HTTP][0m [37m<-- GET /wd/hub/session/a29df6b9-6680-4c7c-85a2-7b37219eb3fa/window/rect [39m[32m200[39m [90m86 ms - 50[39m
[38;5;0m[HTTP][0m [90m[39m
[38;5;0m[HTTP][0m [37m-->[39m [37mPOST[39m [37m/wd/hub/session/a29df6b9-6680-4c7c-85a2-7b37219eb3fa/elements[39m
[38;5;0m[HTTP][0m [90m{"using":"xpath","value":"//hierarchy/android.widget.FrameLayout[1]/android.widget.LinearLayout[1]/android.widget.FrameLayout[1]/android.widget.LinearLayout[1]/android.widget.FrameLayout[1]/androidx.drawerlayout.widget.DrawerLayout[1]/android.view.ViewGroup[1]/android.widget.LinearLayout[2]/android.view.ViewGroup[1]/android.widget.RelativeLayout[1]/android.widget.ScrollView[1]/android.widget.LinearLayout[1]/android.widget.LinearLayout[1]/android.widget.LinearLayout[2]/android.widget.LinearLayout[1]/android.widget.LinearLayout[1]/android.widget.LinearLayout[1]/android.widget.LinearLayout[1]"}[39m
[38;5;0m[HTTP][0m [37m<-- POST /wd/hub/session/a29df6b9-6680-4c7c-85a2-7b37219eb3fa/elements [39m[32m200[39m [90m354 ms - 12[39m
[38;5;0m[HTTP][0m [90m[39m
[38;5;0m[HTTP][0m [37m-->[39m [37mPOST[39m [37m/wd/hub/session/a29df6b9-6680-4c7c-85a2-7b37219eb3fa/elements[39m
[38;5;0m[HTTP][0m [90m{"using":"xpath","value":"//hierarchy/android.widget.FrameLayout[1]/android.widget.LinearLayout[1]/android.widget.FrameLayout[1]/android.widget.LinearLayout[1]/android.widget.FrameLayout[1]/androidx.drawerlayout.widget.DrawerLayout[1]/android.view.ViewGroup[1]/android.widget.LinearLayout[2]/android.view.ViewGroup[1]/android.widget.RelativeLayout[1]/android.widget.ScrollView[1]/android.widget.LinearLayout[1]/android.widget.LinearLayout[1]/android.widget.LinearLayout[2]/android.widget.LinearLayout[1]/android.widget.LinearLayout[1]/android.widget.LinearLayout[1]/android.widget.LinearLayout[1]"}[39m
[38;5;0m[HTTP][0m [37m<-- POST /wd/hub/session/a29df6b9-6680-4c7c-85a2-7b37219eb3fa/elements [39m[32m200[39m [90m95 ms - 12[39m
[38;5;0m[HTTP][0m [90m[39m
[38;5;0m[HTTP][0m [37m-->[39m [37mPOST[39m [37m/wd/hub/session/a29df6b9-6680-4c7c-85a2-7b37219eb3fa/elements[39m
[38;5;0m[HTTP][0m [90m{"using":"xpath","value":"//hierarchy/android.widget.FrameLayout[1]/android.widget.LinearLayout[1]/android.widget.FrameLayout[1]/android.widget.LinearLayout[1]/android.widget.FrameLayout[1]/androidx.drawerlayout.widget.DrawerLayout[1]/android.view.ViewGroup[1]/android.widget.LinearLayout[2]/android.view.ViewGroup[1]/android.widget.RelativeLayout[1]/android.widget.ScrollView[1]/android.widget.LinearLayout[1]/android.widget.LinearLayout[1]/android.widget.LinearLayout[2]/android.widget.LinearLayout[1]/android.widget.LinearLayout[1]/android.widget.LinearLayout[1]/android.widget.LinearLayout[1]"}[39m
[38;5;0m[HTTP][0m [37m<-- POST /wd/hub/session/a29df6b9-6680-4c7c-85a2-7b37219eb3fa/elements [39m[32m200[39m [90m94 ms - 12[39m
[38;5;0m[HTTP][0m [90m[39m
[38;5;0m[HTTP][0m [37m-->[39m [37mPOST[39m [37m/wd/hub/session/a29df6b9-6680-4c7c-85a2-7b37219eb3fa/elements[39m
[38;5;0m[HTTP][0m [90m{"using":"xpath","value":"//hierarchy/android.widget.FrameLayout[1]/android.widget.LinearLayout[1]/android.widget.FrameLayout[1]/android.widget.LinearLayout[1]/android.widget.FrameLayout[1]/androidx.drawerlayout.widget.DrawerLayout[1]/android.view.ViewGroup[1]/android.widget.LinearLayout[2]/android.view.ViewGroup[1]/android.widget.RelativeLayout[1]/android.widget.ScrollView[1]/android.widget.LinearLayout[1]/android.widget.LinearLayout[1]/android.widget.LinearLayout[2]/android.widget.LinearLayout[1]/android.widget.LinearLayout[1]/android.widget.LinearLayout[1]/android.widget.LinearLayout[1]"}[39m
[38;5;0m[HTTP][0m [37m<-- POST /wd/hub/session/a29df6b9-6680-4c7c-85a2-7b37219eb3fa/elements [39m[32m200[39m [90m86 ms - 12[39m
[38;5;0m[HTTP][0m [90m[39m
[38;5;0m[HTTP][0m [37m-->[39m [37mPOST[39m [37m/wd/hub/session/a29df6b9-6680-4c7c-85a2-7b37219eb3fa/elements[39m
[38;5;0m[HTTP][0m [90m{"using":"xpath","value":"//hierarchy/android.widget.FrameLayout[1]/android.widget.LinearLayout[1]/android.widget.FrameLayout[1]/android.widget.LinearLayout[1]/android.widget.FrameLayout[1]/androidx.drawerlayout.widget.DrawerLayout[1]/android.view.ViewGroup[1]/android.widget.LinearLayout[2]/android.view.ViewGroup[1]/android.widget.RelativeLayout[1]/android.widget.ScrollView[1]/android.widget.LinearLayout[1]/android.widget.LinearLayout[1]/android.widget.LinearLayout[2]/android.widget.LinearLayout[1]/android.widget.LinearLayout[1]/android.widget.LinearLayout[1]/android.widget.LinearLayout[1]"}[39m
[38;5;0m[HTTP][0m [37m<-- POST /wd/hub/session/a29df6b9-6680-4c7c-85a2-7b37219eb3fa/elements [39m[32m200[39m [90m88 ms - 12[39m
[38;5;0m[HTTP][0m [90m[39m
[38;5;0m[HTTP][0m [37m-->[39m [37mPOST[39m [37m/wd/hub/session/a29df6b9-6680-4c7c-85a2-7b37219eb3fa/elements[39m
[38;5;0m[HTTP][0m [90m{"using":"xpath","value":"//hierarchy/android.widget.FrameLayout[1]/android.widget.LinearLayout[1]/android.widget.FrameLayout[1]/android.widget.LinearLayout[1]/android.widget.FrameLayout[1]/androidx.drawerlayout.widget.DrawerLayout[1]/android.view.ViewGroup[1]/android.widget.LinearLayout[2]/android.view.ViewGroup[1]/android.widget.RelativeLayout[1]/android.widget.ScrollView[1]/android.widget.LinearLayout[1]/android.widget.LinearLayout[1]/android.widget.LinearLayout[2]/android.widget.LinearLayout[1]/android.widget.LinearLayout[1]/android.widget.LinearLayout[1]/android.widget.LinearLayout[1]"}[39m
[38;5;0m[HTTP][0m [37m<-- POST /wd/hub/session/a29df6b9-6680-4c7c-85a2-7b37219eb3fa/elements [39m[32m200[39m [90m77 ms - 12[39m
[38;5;0m[HTTP][0m [90m[39m
[38;5;0m[HTTP][0m [37m-->[39m [37mPOST[39m [37m/wd/hub/session/a29df6b9-6680-4c7c-85a2-7b37219eb3fa/elements[39m
[38;5;0m[HTTP][0m [90m{"using":"xpath","value":"//hierarchy/android.widget.FrameLayout[1]/android.widget.LinearLayout[1]/android.widget.FrameLayout[1]/android.widget.LinearLayout[1]/android.widget.FrameLayout[1]/androidx.drawerlayout.widget.DrawerLayout[1]/android.view.ViewGroup[1]/android.widget.LinearLayout[2]/android.view.ViewGroup[1]/android.widget.RelativeLayout[1]/android.widget.ScrollView[1]/android.widget.LinearLayout[1]/android.widget.LinearLayout[1]/android.widget.LinearLayout[2]/android.widget.LinearLayout[1]/android.widget.LinearLayout[1]/android.widget.LinearLayout[1]/android.widget.LinearLayout[1]"}[39m
[38;5;0m[HTTP][0m [37m<-- POST /wd/hub/session/a29df6b9-6680-4c7c-85a2-7b37219eb3fa/elements [39m[32m200[39m [90m73 ms - 12[39m
[38;5;0m[HTTP][0m [90m[39m
[38;5;0m[HTTP][0m [37m-->[39m [37mPOST[39m [37m/wd/hub/session/a29df6b9-6680-4c7c-85a2-7b37219eb3fa/elements[39m
[38;5;0m[HTTP][0m [90m{"using":"xpath","value":"//hierarchy/android.widget.FrameLayout[1]/android.widget.LinearLayout[1]/android.widget.FrameLayout[1]/android.widget.LinearLayout[1]/android.widget.FrameLayout[1]/androidx.drawerlayout.widget.DrawerLayout[1]/android.view.ViewGroup[1]/android.widget.LinearLayout[2]/android.view.ViewGroup[1]/android.widget.RelativeLayout[1]/android.widget.ScrollView[1]/android.widget.LinearLayout[1]/android.widget.LinearLayout[1]/android.widget.LinearLayout[2]/android.widget.LinearLayout[1]/android.widget.LinearLayout[1]/android.widget.LinearLayout[1]/android.widget.LinearLayout[1]"}[39m
[38;5;0m[HTTP][0m [37m<-- POST /wd/hub/session/a29df6b9-6680-4c7c-85a2-7b37219eb3fa/elements [39m[32m200[39m [90m72 ms - 12[39m
[38;5;0m[HTTP][0m [90m[39m
[38;5;0m[HTTP][0m [37m-->[39m [37mPOST[39m [37m/wd/hub/session/a29df6b9-6680-4c7c-85a2-7b37219eb3fa/elements[39m
[38;5;0m[HTTP][0m [90m{"using":"xpath","value":"//hierarchy/android.widget.FrameLayout[1]/android.widget.LinearLayout[1]/android.widget.FrameLayout[1]/android.widget.LinearLayout[1]/android.widget.FrameLayout[1]/androidx.drawerlayout.widget.DrawerLayout[1]/android.view.ViewGroup[1]/android.widget.LinearLayout[2]/android.view.ViewGroup[1]/android.widget.RelativeLayout[1]/android.widget.ScrollView[1]/android.widget.LinearLayout[1]/android.widget.LinearLayout[1]/android.widget.LinearLayout[2]/android.widget.LinearLayout[1]/android.widget.LinearLayout[1]/android.widget.LinearLayout[1]/android.widget.LinearLayout[1]"}[39m
[38;5;0m[HTTP][0m [37m<-- POST /wd/hub/session/a29df6b9-6680-4c7c-85a2-7b37219eb3fa/elements [39m[32m200[39m [90m68 ms - 12[39m
[38;5;0m[HTTP][0m [90m[39m
[38;5;0m[HTTP][0m [37m-->[39m [37mPOST[39m [37m/wd/hub/session/a29df6b9-6680-4c7c-85a2-7b37219eb3fa/elements[39m
[38;5;0m[HTTP][0m [90m{"using":"xpath","value":"//hierarchy/android.widget.FrameLayout[1]/android.widget.LinearLayout[1]/android.widget.FrameLayout[1]/android.widget.LinearLayout[1]/android.widget.FrameLayout[1]/androidx.drawerlayout.widget.DrawerLayout[1]/android.view.ViewGroup[1]/android.widget.LinearLayout[2]/android.view.ViewGroup[1]/android.widget.RelativeLayout[1]/android.widget.ScrollView[1]/android.widget.LinearLayout[1]/android.widget.LinearLayout[1]/android.widget.LinearLayout[2]/android.widget.LinearLayout[1]/android.widget.LinearLayout[1]/android.widget.LinearLayout[1]/android.widget.LinearLayout[1]"}[39m
[38;5;0m[HTTP][0m [37m<-- POST /wd/hub/session/a29df6b9-6680-4c7c-85a2-7b37219eb3fa/elements [39m[32m200[39m [90m74 ms - 12[39m
[38;5;0m[HTTP][0m [90m[39m
[38;5;0m[HTTP][0m [37m-->[39m [37mPOST[39m [37m/wd/hub/session/a29df6b9-6680-4c7c-85a2-7b37219eb3fa/elements[39m
[38;5;0m[HTTP][0m [90m{"using":"xpath","value":"//hierarchy/android.widget.FrameLayout[1]/android.widget.LinearLayout[1]/android.widget.FrameLayout[1]/android.widget.LinearLayout[1]/android.widget.FrameLayout[1]/androidx.drawerlayout.widget.DrawerLayout[1]/android.view.ViewGroup[1]/android.widget.LinearLayout[2]/android.view.ViewGroup[1]/android.widget.RelativeLayout[1]/android.widget.ScrollView[1]/android.widget.LinearLayout[1]/android.widget.LinearLayout[1]/android.widget.LinearLayout[2]/android.widget.LinearLayout[1]/android.widget.LinearLayout[1]/android.widget.LinearLayout[1]/android.widget.LinearLayout[1]"}[39m
[38;5;0m[HTTP][0m [37m<-- POST /wd/hub/session/a29df6b9-6680-4c7c-85a2-7b37219eb3fa/elements [39m[32m200[39m [90m75 ms - 12[39m
[38;5;0m[HTTP][0m [90m[39m
[38;5;0m[HTTP][0m [37m-->[39m [37mPOST[39m [37m/wd/hub/session/a29df6b9-6680-4c7c-85a2-7b37219eb3fa/elements[39m
[38;5;0m[HTTP][0m [90m{"using":"xpath","value":"//hierarchy/android.widget.FrameLayout[1]/android.widget.LinearLayout[1]/android.widget.FrameLayout[1]/android.widget.LinearLayout[1]/android.widget.FrameLayout[1]/androidx.drawerlayout.widget.DrawerLayout[1]/android.view.ViewGroup[1]/android.widget.LinearLayout[2]/android.view.ViewGroup[1]/android.widget.RelativeLayout[1]/android.widget.ScrollView[1]/android.widget.LinearLayout[1]/android.widget.LinearLayout[1]/android.widget.LinearLayout[2]/android.widget.LinearLayout[1]/android.widget.LinearLayout[1]/android.widget.LinearLayout[1]/android.widget.LinearLayout[1]"}[39m
[38;5;0m[HTTP][0m [37m<-- POST /wd/hub/session/a29df6b9-6680-4c7c-85a2-7b37219eb3fa/elements [39m[32m200[39m [90m72 ms - 12[39m
[38;5;0m[HTTP][0m [90m[39m
[38;5;0m[HTTP][0m [37m-->[39m [37mPOST[39m [37m/wd/hub/session/a29df6b9-6680-4c7c-85a2-7b37219eb3fa/elements[39m
[38;5;0m[HTTP][0m [90m{"using":"xpath","value":"//hierarchy/android.widget.FrameLayout[1]/android.widget.LinearLayout[1]/android.widget.FrameLayout[1]/android.widget.LinearLayout[1]/android.widget.FrameLayout[1]/androidx.drawerlayout.widget.DrawerLayout[1]/android.view.ViewGroup[1]/android.widget.LinearLayout[2]/android.view.ViewGroup[1]/android.widget.RelativeLayout[1]/android.widget.ScrollView[1]/android.widget.LinearLayout[1]/android.widget.LinearLayout[1]/android.widget.LinearLayout[2]/android.widget.LinearLayout[1]/android.widget.LinearLayout[1]/android.widget.LinearLayout[1]/android.widget.LinearLayout[1]"}[39m
[38;5;0m[HTTP][0m [37m<-- POST /wd/hub/session/a29df6b9-6680-4c7c-85a2-7b37219eb3fa/elements [39m[32m200[39m [90m81 ms - 12[39m
[38;5;0m[HTTP][0m [90m[39m
[38;5;0m[HTTP][0m [37m-->[39m [37mPOST[39m [37m/wd/hub/session/a29df6b9-6680-4c7c-85a2-7b37219eb3fa/elements[39m
[38;5;0m[HTTP][0m [90m{"using":"xpath","value":"//hierarchy/android.widget.FrameLayout[1]/android.widget.LinearLayout[1]/android.widget.FrameLayout[1]/android.widget.LinearLayout[1]/android.widget.FrameLayout[1]/androidx.drawerlayout.widget.DrawerLayout[1]/android.view.ViewGroup[1]/android.widget.LinearLayout[2]/android.view.ViewGroup[1]/android.widget.RelativeLayout[1]/android.widget.ScrollView[1]/android.widget.LinearLayout[1]/android.widget.LinearLayout[1]/android.widget.LinearLayout[2]/android.widget.LinearLayout[1]/android.widget.LinearLayout[1]/android.widget.LinearLayout[1]/android.widget.LinearLayout[1]"}[39m
[38;5;0m[HTTP][0m [37m<-- POST /wd/hub/session/a29df6b9-6680-4c7c-85a2-7b37219eb3fa/elements [39m[32m200[39m [90m75 ms - 12[39m
[38;5;0m[HTTP][0m [90m[39m
[38;5;0m[HTTP][0m [37m-->[39m [37mPOST[39m [37m/wd/hub/session/a29df6b9-6680-4c7c-85a2-7b37219eb3fa/elements[39m
[38;5;0m[HTTP][0m [90m{"using":"xpath","value":"//hierarchy/android.widget.FrameLayout[1]/android.widget.LinearLayout[1]/android.widget.FrameLayout[1]/android.widget.LinearLayout[1]/android.widget.FrameLayout[1]/androidx.drawerlayout.widget.DrawerLayout[1]/android.view.ViewGroup[1]/android.widget.LinearLayout[2]/android.view.ViewGroup[1]/android.widget.RelativeLayout[1]/android.widget.ScrollView[1]/android.widget.LinearLayout[1]/android.widget.LinearLayout[1]/android.widget.LinearLayout[2]/android.widget.LinearLayout[1]/android.widget.LinearLayout[1]/android.widget.LinearLayout[1]/android.widget.LinearLayout[1]"}[39m
[38;5;0m[HTTP][0m [37m<-- POST /wd/hub/session/a29df6b9-6680-4c7c-85a2-7b37219eb3fa/elements [39m[32m200[39m [90m76 ms - 12[39m
[38;5;0m[HTTP][0m [90m[39m
[38;5;0m[HTTP][0m [37m-->[39m [37mPOST[39m [37m/wd/hub/session/a29df6b9-6680-4c7c-85a2-7b37219eb3fa/elements[39m
[38;5;0m[HTTP][0m [90m{"using":"xpath","value":"//hierarchy/android.widget.FrameLayout[1]/android.widget.LinearLayout[1]/android.widget.FrameLayout[1]/android.widget.LinearLayout[1]/android.widget.FrameLayout[1]/androidx.drawerlayout.widget.DrawerLayout[1]/android.view.ViewGroup[1]/android.widget.LinearLayout[2]/android.view.ViewGroup[1]/android.widget.RelativeLayout[1]/android.widget.ScrollView[1]/android.widget.LinearLayout[1]/android.widget.LinearLayout[1]/android.widget.LinearLayout[2]/android.widget.LinearLayout[1]/android.widget.LinearLayout[1]/android.widget.LinearLayout[1]/android.widget.LinearLayout[1]"}[39m
[38;5;0m[HTTP][0m [37m<-- POST /wd/hub/session/a29df6b9-6680-4c7c-85a2-7b37219eb3fa/elements [39m[32m200[39m [90m496 ms - 12[39m
[38;5;0m[HTTP][0m [90m[39m
[38;5;0m[HTTP][0m [37m-->[39m [37mPOST[39m [37m/wd/hub/session/a29df6b9-6680-4c7c-85a2-7b37219eb3fa/elements[39m
[38;5;0m[HTTP][0m [90m{"using":"xpath","value":"//hierarchy/android.widget.FrameLayout[1]/android.widget.LinearLayout[1]/android.widget.FrameLayout[1]/android.widget.LinearLayout[1]/android.widget.FrameLayout[1]/androidx.drawerlayout.widget.DrawerLayout[1]/android.view.ViewGroup[1]/android.widget.LinearLayout[2]/android.view.ViewGroup[1]/android.widget.RelativeLayout[1]/android.widget.ScrollView[1]/android.widget.LinearLayout[1]/android.widget.LinearLayout[1]/android.widget.LinearLayout[2]/android.widget.LinearLayout[1]/android.widget.LinearLayout[1]/android.widget.LinearLayout[1]/android.widget.LinearLayout[1]"}[39m
[38;5;0m[HTTP][0m [37m<-- POST /wd/hub/session/a29df6b9-6680-4c7c-85a2-7b37219eb3fa/elements [39m[32m200[39m [90m70 ms - 12[39m
[38;5;0m[HTTP][0m [90m[39m
[38;5;0m[HTTP][0m [37m-->[39m [37mPOST[39m [37m/wd/hub/session/a29df6b9-6680-4c7c-85a2-7b37219eb3fa/elements[39m
[38;5;0m[HTTP][0m [90m{"using":"xpath","value":"//hierarchy/android.widget.FrameLayout[1]/android.widget.LinearLayout[1]/android.widget.FrameLayout[1]/android.widget.LinearLayout[1]/android.widget.FrameLayout[1]/androidx.drawerlayout.widget.DrawerLayout[1]/android.view.ViewGroup[1]/android.widget.LinearLayout[2]/android.view.ViewGroup[1]/android.widget.RelativeLayout[1]/android.widget.ScrollView[1]/android.widget.LinearLayout[1]/android.widget.LinearLayout[1]/android.widget.LinearLayout[2]/android.widget.LinearLayout[1]/android.widget.LinearLayout[1]/android.widget.LinearLayout[1]/android.widget.LinearLayout[1]"}[39m
[38;5;0m[HTTP][0m [37m<-- POST /wd/hub/session/a29df6b9-6680-4c7c-85a2-7b37219eb3fa/elements [39m[32m200[39m [90m66 ms - 12[39m
[38;5;0m[HTTP][0m [90m[39m
[38;5;0m[HTTP][0m [37m-->[39m [37mPOST[39m [37m/wd/hub/session/a29df6b9-6680-4c7c-85a2-7b37219eb3fa/elements[39m
[38;5;0m[HTTP][0m [90m{"using":"xpath","value":"//hierarchy/android.widget.FrameLayout[1]/android.widget.LinearLayout[1]/android.widget.FrameLayout[1]/android.widget.LinearLayout[1]/android.widget.FrameLayout[1]/androidx.drawerlayout.widget.DrawerLayout[1]/android.view.ViewGroup[1]/android.widget.LinearLayout[2]/android.view.ViewGroup[1]/android.widget.RelativeLayout[1]/android.widget.ScrollView[1]/android.widget.LinearLayout[1]/android.widget.LinearLayout[1]/android.widget.LinearLayout[2]/android.widget.LinearLayout[1]/android.widget.LinearLayout[1]/android.widget.LinearLayout[1]/android.widget.LinearLayout[1]"}[39m
[38;5;0m[HTTP][0m [37m<-- POST /wd/hub/session/a29df6b9-6680-4c7c-85a2-7b37219eb3fa/elements [39m[32m200[39m [90m371 ms - 139[39m
[38;5;0m[HTTP][0m [90m[39m
[38;5;0m[HTTP][0m [37m-->[39m [37mGET[39m [37m/wd/hub/session/a29df6b9-6680-4c7c-85a2-7b37219eb3fa/element/00000000-0000-032c-ffff-ffff0000021e/location[39m
[38;5;0m[HTTP][0m [90m{}[39m
[38;5;48m[AndroidUiautomator2Driver@e48d (a29df6b9)][0m Driver proxy active, passing request on via HTTP proxy
[38;5;48m[AndroidUiautomator2Driver@e48d (a29df6b9)][0m Replacing sessionId 5f80228e-3298-45c8-8d20-44e2bbf030c2 with a29df6b9-6680-4c7c-85a2-7b37219eb3fa
[38;5;0m[HTTP][0m [37m<-- GET /wd/hub/session/a29df6b9-6680-4c7c-85a2-7b37219eb3fa/element/00000000-0000-032c-ffff-ffff0000021e/location [39m[32m200[39m [90m479 ms - 78[39m
[38;5;0m[HTTP][0m [90m[39m
[38;5;0m[HTTP][0m [37m-->[39m [37mPOST[39m [37m/wd/hub/session/a29df6b9-6680-4c7c-85a2-7b37219eb3fa/timeouts[39m
[38;5;0m[HTTP][0m [90m{"implicit":30000}[39m
[38;5;0m[HTTP][0m [37m<-- POST /wd/hub/session/a29df6b9-6680-4c7c-85a2-7b37219eb3fa/timeouts [39m[32m200[39m [90m5 ms - 14[39m
[38;5;0m[HTTP][0m [90m[39m
[38;5;0m[HTTP][0m [37m-->[39m [37mGET[39m [37m/wd/hub/session/a29df6b9-6680-4c7c-85a2-7b37219eb3fa/element/00000000-0000-032c-ffff-ffff0000021e/displayed[39m
[38;5;0m[HTTP][0m [90m{}[39m
[38;5;0m[HTTP][0m [37m<-- GET /wd/hub/session/a29df6b9-6680-4c7c-85a2-7b37219eb3fa/element/00000000-0000-032c-ffff-ffff0000021e/displayed [39m[32m200[39m [90m24 ms - 14[39m
[38;5;0m[HTTP][0m [90m[39m
[38;5;0m[HTTP][0m [37m-->[39m [37mGET[39m [37m/wd/hub/session/a29df6b9-6680-4c7c-85a2-7b37219eb3fa/context[39m
[38;5;0m[HTTP][0m [90m{}[39m
[38;5;0m[HTTP][0m [37m<-- GET /wd/hub/session/a29df6b9-6680-4c7c-85a2-7b37219eb3fa/context [39m[32m200[39m [90m2 ms - 22[39m
[38;5;0m[HTTP][0m [90m[39m
[38;5;0m[HTTP][0m [37m-->[39m [37mGET[39m [37m/wd/hub/session/a29df6b9-6680-4c7c-85a2-7b37219eb3fa/contexts[39m
[38;5;0m[HTTP][0m [90m{}[39m
[38;5;0m[HTTP][0m [37m<-- GET /wd/hub/session/a29df6b9-6680-4c7c-85a2-7b37219eb3fa/contexts [39m[32m200[39m [90m485 ms - 24[39m
[38;5;0m[HTTP][0m [90m[39m
[38;5;0m[HTTP][0m [37m-->[39m [37mPOST[39m [37m/wd/hub/session/a29df6b9-6680-4c7c-85a2-7b37219eb3fa/context[39m
[38;5;0m[HTTP][0m [90m{"name":"NATIVE_APP"}[39m
[38;5;0m[HTTP][0m [37m<-- POST /wd/hub/session/a29df6b9-6680-4c7c-85a2-7b37219eb3fa/context [39m[32m200[39m [90m2 ms - 14[39m
[38;5;0m[HTTP][0m [90m[39m
[38;5;0m[HTTP][0m [37m-->[39m [37mGET[39m [37m/wd/hub/session/a29df6b9-6680-4c7c-85a2-7b37219eb3fa/screenshot[39m
[38;5;0m[HTTP][0m [90m{}[39m
[38;5;0m[HTTP][0m [37m<-- GET /wd/hub/session/a29df6b9-6680-4c7c-85a2-7b37219eb3fa/screenshot [39m[32m200[39m [90m864 ms - 143100[39m
[38;5;0m[HTTP][0m [90m[39m
[38;5;0m[HTTP][0m [37m-->[39m [37mPOST[39m [37m/wd/hub/session/a29df6b9-6680-4c7c-85a2-7b37219eb3fa/context[39m
[38;5;0m[HTTP][0m [90m{"name":"NATIVE_APP"}[39m
[38;5;0m[HTTP][0m [37m<-- POST /wd/hub/session/a29df6b9-6680-4c7c-85a2-7b37219eb3fa/context [39m[32m200[39m [90m3 ms - 14[39m
[38;5;0m[HTTP][0m [90m[39m
[38;5;0m[HTTP][0m [37m-->[39m [37mGET[39m [37m/wd/hub/session/a29df6b9-6680-4c7c-85a2-7b37219eb3fa/context[39m
[38;5;0m[HTTP][0m [90m{}[39m
[38;5;0m[HTTP][0m [37m<-- GET /wd/hub/session/a29df6b9-6680-4c7c-85a2-7b37219eb3fa/context [39m[32m200[39m [90m2 ms - 22[39m
[38;5;0m[HTTP][0m [90m[39m
[38;5;0m[HTTP][0m [37m-->[39m [37mGET[39m [37m/wd/hub/session/a29df6b9-6680-4c7c-85a2-7b37219eb3fa/contexts[39m
[38;5;0m[HTTP][0m [90m{}[39m
[38;5;0m[HTTP][0m [37m<-- GET /wd/hub/session/a29df6b9-6680-4c7c-85a2-7b37219eb3fa/contexts [39m[32m200[39m [90m446 ms - 24[39m
[38;5;0m[HTTP][0m [90m[39m
[38;5;0m[HTTP][0m [37m-->[39m [37mPOST[39m [37m/wd/hub/session/a29df6b9-6680-4c7c-85a2-7b37219eb3fa/context[39m
[38;5;0m[HTTP][0m [90m{"name":"NATIVE_APP"}[39m
[38;5;0m[HTTP][0m [37m<-- POST /wd/hub/session/a29df6b9-6680-4c7c-85a2-7b37219eb3fa/context [39m[32m200[39m [90m3 ms - 14[39m
[38;5;0m[HTTP][0m [90m[39m
[38;5;0m[HTTP][0m [37m-->[39m [37mGET[39m [37m/wd/hub/session/a29df6b9-6680-4c7c-85a2-7b37219eb3fa/screenshot[39m
[38;5;0m[HTTP][0m [90m{}[39m
[38;5;0m[HTTP][0m [37m<-- GET /wd/hub/session/a29df6b9-6680-4c7c-85a2-7b37219eb3fa/screenshot [39m[32m200[39m [90m756 ms - 143100[39m
[38;5;0m[HTTP][0m [90m[39m
[38;5;0m[HTTP][0m [37m-->[39m [37mPOST[39m [37m/wd/hub/session/a29df6b9-6680-4c7c-85a2-7b37219eb3fa/context[39m
[38;5;0m[HTTP][0m [90m{"name":"NATIVE_APP"}[39m
[38;5;0m[HTTP][0m [37m<-- POST /wd/hub/session/a29df6b9-6680-4c7c-85a2-7b37219eb3fa/context [39m[32m200[39m [90m4 ms - 14[39m
[38;5;0m[HTTP][0m [90m[39m
[38;5;0m[HTTP][0m [37m-->[39m [37mPOST[39m [37m/wd/hub/session/a29df6b9-6680-4c7c-85a2-7b37219eb3fa/timeouts[39m
[38;5;0m[HTTP][0m [90m{"implicit":50}[39m
[38;5;0m[HTTP][0m [37m<-- POST /wd/hub/session/a29df6b9-6680-4c7c-85a2-7b37219eb3fa/timeouts [39m[32m200[39m [90m3 ms - 14[39m
[38;5;0m[HTTP][0m [90m[39m
[38;5;0m[HTTP][0m [37m-->[39m [37mGET[39m [37m/wd/hub/session/a29df6b9-6680-4c7c-85a2-7b37219eb3fa/window/rect[39m
[38;5;0m[HTTP][0m [90m{}[39m
[38;5;0m[HTTP][0m [37m<-- GET /wd/hub/session/a29df6b9-6680-4c7c-85a2-7b37219eb3fa/window/rect [39m[32m200[39m [90m25 ms - 50[39m
[38;5;0m[HTTP][0m [90m[39m
[38;5;0m[HTTP][0m [37m-->[39m [37mPOST[39m [37m/wd/hub/session/a29df6b9-6680-4c7c-85a2-7b37219eb3fa/elements[39m
[38;5;0m[HTTP][0m [90m{"using":"xpath","value":"//*[@class = 'android.widget.Button' and (@text = 'PAY NOW' or . = 'PAY NOW')]"}[39m
[38;5;0m[HTTP][0m [37m<-- POST /wd/hub/session/a29df6b9-6680-4c7c-85a2-7b37219eb3fa/elements [39m[32m200[39m [90m107 ms - 139[39m
[38;5;0m[HTTP][0m [90m[39m
[38;5;0m[HTTP][0m [37m-->[39m [37mGET[39m [37m/wd/hub/session/a29df6b9-6680-4c7c-85a2-7b37219eb3fa/element/00000000-0000-032c-ffff-ffff00000224/location[39m
[38;5;0m[HTTP][0m [90m{}[39m
[38;5;48m[AndroidUiautomator2Driver@e48d (a29df6b9)][0m Driver proxy active, passing request on via HTTP proxy
[38;5;48m[AndroidUiautomator2Driver@e48d (a29df6b9)][0m Replacing sessionId 5f80228e-3298-45c8-8d20-44e2bbf030c2 with a29df6b9-6680-4c7c-85a2-7b37219eb3fa
[38;5;0m[HTTP][0m [37m<-- GET /wd/hub/session/a29df6b9-6680-4c7c-85a2-7b37219eb3fa/element/00000000-0000-032c-ffff-ffff00000224/location [39m[32m200[39m [90m34 ms - 77[39m
[38;5;0m[HTTP][0m [90m[39m
[38;5;0m[HTTP][0m [37m-->[39m [37mPOST[39m [37m/wd/hub/session/a29df6b9-6680-4c7c-85a2-7b37219eb3fa/timeouts[39m
[38;5;0m[HTTP][0m [90m{"implicit":30000}[39m
[38;5;0m[HTTP][0m [37m<-- POST /wd/hub/session/a29df6b9-6680-4c7c-85a2-7b37219eb3fa/timeouts [39m[32m200[39m [90m4 ms - 14[39m
[38;5;0m[HTTP][0m [90m[39m
[38;5;0m[HTTP][0m [37m-->[39m [37mPOST[39m [37m/wd/hub/session/a29df6b9-6680-4c7c-85a2-7b37219eb3fa/element/00000000-0000-032c-ffff-ffff00000224/click[39m
[38;5;0m[HTTP][0m [90m{"id":"00000000-0000-032c-ffff-ffff00000224"}[39m
[38;5;0m[HTTP][0m [37m<-- POST /wd/hub/session/a29df6b9-6680-4c7c-85a2-7b37219eb3fa/element/00000000-0000-032c-ffff-ffff00000224/click [39m[32m200[39m [90m80 ms - 14[39m
[38;5;0m[HTTP][0m [90m[39m
[38;5;0m[HTTP][0m [37m-->[39m [37mPOST[39m [37m/wd/hub/session/a29df6b9-6680-4c7c-85a2-7b37219eb3fa/timeouts[39m
[38;5;0m[HTTP][0m [90m{"implicit":50}[39m
[38;5;0m[HTTP][0m [37m<-- POST /wd/hub/session/a29df6b9-6680-4c7c-85a2-7b37219eb3fa/timeouts [39m[32m200[39m [90m4 ms - 14[39m
[38;5;0m[HTTP][0m [90m[39m
[38;5;0m[HTTP][0m [37m-->[39m [37mGET[39m [37m/wd/hub/session/a29df6b9-6680-4c7c-85a2-7b37219eb3fa/window/rect[39m
[38;5;0m[HTTP][0m [90m{}[39m
[38;5;0m[HTTP][0m [37m<-- GET /wd/hub/session/a29df6b9-6680-4c7c-85a2-7b37219eb3fa/window/rect [39m[32m200[39m [90m19 ms - 50[39m
[38;5;0m[HTTP][0m [90m[39m
[38;5;0m[HTTP][0m [37m-->[39m [37mPOST[39m [37m/wd/hub/session/a29df6b9-6680-4c7c-85a2-7b37219eb3fa/elements[39m
[38;5;0m[HTTP][0m [90m{"using":"xpath","value":"//*[@class = 'android.widget.ImageView' and @resource-id = 'com.Advantage.aShopping:id/imageViewCloseDialog' and (@text = '' or . = '')]"}[39m
[38;5;0m[HTTP][0m [37m<-- POST /wd/hub/session/a29df6b9-6680-4c7c-85a2-7b37219eb3fa/elements [39m[32m200[39m [90m365 ms - 12[39m
[38;5;0m[HTTP][0m [90m[39m
[38;5;0m[HTTP][0m [37m-->[39m [37mPOST[39m [37m/wd/hub/session/a29df6b9-6680-4c7c-85a2-7b37219eb3fa/elements[39m
[38;5;0m[HTTP][0m [90m{"using":"xpath","value":"//*[@class = 'android.widget.ImageView' and @resource-id = 'com.Advantage.aShopping:id/imageViewCloseDialog' and (@text = '' or . = '')]"}[39m
[38;5;0m[HTTP][0m [37m<-- POST /wd/hub/session/a29df6b9-6680-4c7c-85a2-7b37219eb3fa/elements [39m[32m200[39m [90m65 ms - 12[39m
[38;5;0m[HTTP][0m [90m[39m
[38;5;0m[HTTP][0m [37m-->[39m [37mPOST[39m [37m/wd/hub/session/a29df6b9-6680-4c7c-85a2-7b37219eb3fa/elements[39m
[38;5;0m[HTTP][0m [90m{"using":"xpath","value":"//*[@class = 'android.widget.ImageView' and @resource-id = 'com.Advantage.aShopping:id/imageViewCloseDialog' and (@text = '' or . = '')]"}[39m
[38;5;0m[HTTP][0m [37m<-- POST /wd/hub/session/a29df6b9-6680-4c7c-85a2-7b37219eb3fa/elements [39m[32m200[39m [90m56 ms - 12[39m
[38;5;0m[HTTP][0m [90m[39m
[38;5;0m[HTTP][0m [37m-->[39m [37mPOST[39m [37m/wd/hub/session/a29df6b9-6680-4c7c-85a2-7b37219eb3fa/elements[39m
[38;5;0m[HTTP][0m [90m{"using":"xpath","value":"//*[@class = 'android.widget.ImageView' and @resource-id = 'com.Advantage.aShopping:id/imageViewCloseDialog' and (@text = '' or . = '')]"}[39m
[38;5;0m[HTTP][0m [37m<-- POST /wd/hub/session/a29df6b9-6680-4c7c-85a2-7b37219eb3fa/elements [39m[32m200[39m [90m57 ms - 12[39m
[38;5;0m[HTTP][0m [90m[39m
[38;5;0m[HTTP][0m [37m-->[39m [37mPOST[39m [37m/wd/hub/session/a29df6b9-6680-4c7c-85a2-7b37219eb3fa/elements[39m
[38;5;0m[HTTP][0m [90m{"using":"xpath","value":"//*[@class = 'android.widget.ImageView' and @resource-id = 'com.Advantage.aShopping:id/imageViewCloseDialog' and (@text = '' or . = '')]"}[39m
[38;5;0m[HTTP][0m [37m<-- POST /wd/hub/session/a29df6b9-6680-4c7c-85a2-7b37219eb3fa/elements [39m[32m200[39m [90m61 ms - 12[39m
[38;5;0m[HTTP][0m [90m[39m
[38;5;0m[HTTP][0m [37m-->[39m [37mPOST[39m [37m/wd/hub/session/a29df6b9-6680-4c7c-85a2-7b37219eb3fa/elements[39m
[38;5;0m[HTTP][0m [90m{"using":"xpath","value":"//*[@class = 'android.widget.ImageView' and @resource-id = 'com.Advantage.aShopping:id/imageViewCloseDialog' and (@text = '' or . = '')]"}[39m
[38;5;0m[HTTP][0m [37m<-- POST /wd/hub/session/a29df6b9-6680-4c7c-85a2-7b37219eb3fa/elements [39m[32m200[39m [90m108 ms - 12[39m
[38;5;0m[HTTP][0m [90m[39m
[38;5;0m[HTTP][0m [37m-->[39m [37mPOST[39m [37m/wd/hub/session/a29df6b9-6680-4c7c-85a2-7b37219eb3fa/elements[39m
[38;5;0m[HTTP][0m [90m{"using":"xpath","value":"//*[@class = 'android.widget.ImageView' and @resource-id = 'com.Advantage.aShopping:id/imageViewCloseDialog' and (@text = '' or . = '')]"}[39m
[38;5;0m[HTTP][0m [37m<-- POST /wd/hub/session/a29df6b9-6680-4c7c-85a2-7b37219eb3fa/elements [39m[32m200[39m [90m65 ms - 12[39m
[38;5;0m[HTTP][0m [90m[39m
[38;5;0m[HTTP][0m [37m-->[39m [37mPOST[39m [37m/wd/hub/session/a29df6b9-6680-4c7c-85a2-7b37219eb3fa/elements[39m
[38;5;0m[HTTP][0m [90m{"using":"xpath","value":"//*[@class = 'android.widget.ImageView' and @resource-id = 'com.Advantage.aShopping:id/imageViewCloseDialog' and (@text = '' or . = '')]"}[39m
[38;5;0m[HTTP][0m [37m<-- POST /wd/hub/session/a29df6b9-6680-4c7c-85a2-7b37219eb3fa/elements [39m[32m200[39m [90m140 ms - 12[39m
[38;5;0m[HTTP][0m [90m[39m
[38;5;0m[HTTP][0m [37m-->[39m [37mPOST[39m [37m/wd/hub/session/a29df6b9-6680-4c7c-85a2-7b37219eb3fa/elements[39m
[38;5;0m[HTTP][0m [90m{"using":"xpath","value":"//*[@class = 'android.widget.ImageView' and @resource-id = 'com.Advantage.aShopping:id/imageViewCloseDialog' and (@text = '' or . = '')]"}[39m
[38;5;0m[HTTP][0m [37m<-- POST /wd/hub/session/a29df6b9-6680-4c7c-85a2-7b37219eb3fa/elements [39m[32m200[39m [90m73 ms - 12[39m
[38;5;0m[HTTP][0m [90m[39m
[38;5;0m[HTTP][0m [37m-->[39m [37mPOST[39m [37m/wd/hub/session/a29df6b9-6680-4c7c-85a2-7b37219eb3fa/elements[39m
[38;5;0m[HTTP][0m [90m{"using":"xpath","value":"//*[@class = 'android.widget.ImageView' and @resource-id = 'com.Advantage.aShopping:id/imageViewCloseDialog' and (@text = '' or . = '')]"}[39m
[38;5;0m[HTTP][0m [37m<-- POST /wd/hub/session/a29df6b9-6680-4c7c-85a2-7b37219eb3fa/elements [39m[32m200[39m [90m65 ms - 12[39m
[38;5;0m[HTTP][0m [90m[39m
[38;5;0m[HTTP][0m [37m-->[39m [37mPOST[39m [37m/wd/hub/session/a29df6b9-6680-4c7c-85a2-7b37219eb3fa/elements[39m
[38;5;0m[HTTP][0m [90m{"using":"xpath","value":"//*[@class = 'android.widget.ImageView' and @resource-id = 'com.Advantage.aShopping:id/imageViewCloseDialog' and (@text = '' or . = '')]"}[39m
[38;5;0m[HTTP][0m [37m<-- POST /wd/hub/session/a29df6b9-6680-4c7c-85a2-7b37219eb3fa/elements [39m[32m200[39m [90m62 ms - 12[39m
[38;5;0m[HTTP][0m [90m[39m
[38;5;0m[HTTP][0m [37m-->[39m [37mPOST[39m [37m/wd/hub/session/a29df6b9-6680-4c7c-85a2-7b37219eb3fa/elements[39m
[38;5;0m[HTTP][0m [90m{"using":"xpath","value":"//*[@class = 'android.widget.ImageView' and @resource-id = 'com.Advantage.aShopping:id/imageViewCloseDialog' and (@text = '' or . = '')]"}[39m
[38;5;0m[HTTP][0m [37m<-- POST /wd/hub/session/a29df6b9-6680-4c7c-85a2-7b37219eb3fa/elements [39m[32m200[39m [90m414 ms - 139[39m
[38;5;0m[HTTP][0m [90m[39m
[38;5;0m[HTTP][0m [37m-->[39m [37mGET[39m [37m/wd/hub/session/a29df6b9-6680-4c7c-85a2-7b37219eb3fa/element/00000000-0000-0337-ffff-ffff00000251/location[39m
[38;5;0m[HTTP][0m [90m{}[39m
[38;5;48m[AndroidUiautomator2Driver@e48d (a29df6b9)][0m Driver proxy active, passing request on via HTTP proxy
[38;5;48m[AndroidUiautomator2Driver@e48d (a29df6b9)][0m Replacing sessionId 5f80228e-3298-45c8-8d20-44e2bbf030c2 with a29df6b9-6680-4c7c-85a2-7b37219eb3fa
[38;5;0m[HTTP][0m [37m<-- GET /wd/hub/session/a29df6b9-6680-4c7c-85a2-7b37219eb3fa/element/00000000-0000-0337-ffff-ffff00000251/location [39m[32m200[39m [90m248 ms - 78[39m
[38;5;0m[HTTP][0m [90m[39m
[38;5;0m[HTTP][0m [37m-->[39m [37mPOST[39m [37m/wd/hub/session/a29df6b9-6680-4c7c-85a2-7b37219eb3fa/timeouts[39m
[38;5;0m[HTTP][0m [90m{"implicit":30000}[39m
[38;5;0m[HTTP][0m [37m<-- POST /wd/hub/session/a29df6b9-6680-4c7c-85a2-7b37219eb3fa/timeouts [39m[32m200[39m [90m3 ms - 14[39m
[38;5;0m[HTTP][0m [90m[39m
[38;5;0m[HTTP][0m [37m-->[39m [37mPOST[39m [37m/wd/hub/session/a29df6b9-6680-4c7c-85a2-7b37219eb3fa/element/00000000-0000-0337-ffff-ffff00000251/click[39m
[38;5;0m[HTTP][0m [90m{"id":"00000000-0000-0337-ffff-ffff00000251"}[39m
[38;5;0m[HTTP][0m [37m<-- POST /wd/hub/session/a29df6b9-6680-4c7c-85a2-7b37219eb3fa/element/00000000-0000-0337-ffff-ffff00000251/click [39m[32m200[39m [90m96 ms - 14[39m
[38;5;0m[HTTP][0m [90m[39m
[38;5;0m[HTTP][0m [37m-->[39m [37mPOST[39m [37m/wd/hub/session/a29df6b9-6680-4c7c-85a2-7b37219eb3fa/timeouts[39m
[38;5;0m[HTTP][0m [90m{"implicit":50}[39m
[38;5;0m[HTTP][0m [37m<-- POST /wd/hub/session/a29df6b9-6680-4c7c-85a2-7b37219eb3fa/timeouts [39m[32m200[39m [90m3 ms - 14[39m
[38;5;0m[HTTP][0m [90m[39m
[38;5;0m[HTTP][0m [37m-->[39m [37mGET[39m [37m/wd/hub/session/a29df6b9-6680-4c7c-85a2-7b37219eb3fa/window/rect[39m
[38;5;0m[HTTP][0m [90m{}[39m
[38;5;0m[HTTP][0m [37m<-- GET /wd/hub/session/a29df6b9-6680-4c7c-85a2-7b37219eb3fa/window/rect [39m[32m200[39m [90m22 ms - 50[39m
[38;5;0m[HTTP][0m [90m[39m
[38;5;0m[HTTP][0m [37m-->[39m [37mPOST[39m [37m/wd/hub/session/a29df6b9-6680-4c7c-85a2-7b37219eb3fa/elements[39m
[38;5;0m[HTTP][0m [90m{"using":"xpath","value":"//*[@class = 'android.widget.TextView' and (@text = 'Advantage' or . = 'Advantage') and @resource-id = 'com.Advantage.aShopping:id/textViewAdvantage']"}[39m
[38;5;0m[HTTP][0m [37m<-- POST /wd/hub/session/a29df6b9-6680-4c7c-85a2-7b37219eb3fa/elements [39m[32m200[39m [90m594 ms - 139[39m
[38;5;0m[HTTP][0m [90m[39m
[38;5;0m[HTTP][0m [37m-->[39m [37mGET[39m [37m/wd/hub/session/a29df6b9-6680-4c7c-85a2-7b37219eb3fa/element/00000000-0000-032c-ffff-ffff0000001a/location[39m
[38;5;0m[HTTP][0m [90m{}[39m
[38;5;48m[AndroidUiautomator2Driver@e48d (a29df6b9)][0m Driver proxy active, passing request on via HTTP proxy
[38;5;48m[AndroidUiautomator2Driver@e48d (a29df6b9)][0m Replacing sessionId 5f80228e-3298-45c8-8d20-44e2bbf030c2 with a29df6b9-6680-4c7c-85a2-7b37219eb3fa
[38;5;0m[HTTP][0m [37m<-- GET /wd/hub/session/a29df6b9-6680-4c7c-85a2-7b37219eb3fa/element/00000000-0000-032c-ffff-ffff0000001a/location [39m[32m200[39m [90m512 ms - 77[39m
[38;5;0m[HTTP][0m [90m[39m
[38;5;0m[HTTP][0m [37m-->[39m [37mPOST[39m [37m/wd/hub/session/a29df6b9-6680-4c7c-85a2-7b37219eb3fa/timeouts[39m
[38;5;0m[HTTP][0m [90m{"implicit":30000}[39m
[38;5;0m[HTTP][0m [37m<-- POST /wd/hub/session/a29df6b9-6680-4c7c-85a2-7b37219eb3fa/timeouts [39m[32m200[39m [90m2 ms - 14[39m
[38;5;0m[HTTP][0m [90m[39m
[38;5;0m[HTTP][0m [37m-->[39m [37mDELETE[39m [37m/wd/hub/session/a29df6b9-6680-4c7c-85a2-7b37219eb3fa[39m
[38;5;0m[HTTP][0m [90m{}[39m
[38;5;16m[AppiumDriver@c62e][0m Removing session a29df6b9-6680-4c7c-85a2-7b37219eb3fa from our master session list
[38;5;64m[ADB][0m com.Advantage.aShopping was successfully uninstalled
[38;5;48m[AndroidUiautomator2Driver@e48d (a29df6b9)][0m Restoring hidden api policy to the device default configuration
[38;5;0m[HTTP][0m [37m<-- DELETE /wd/hub/session/a29df6b9-6680-4c7c-85a2-7b37219eb3fa [39m[32m200[39m [90m3233 ms - 14[39m
[38;5;0m[HTTP][0m [90m[39m
